This is pdfTeX, Version 3.141592-1.40.4 (MiKTeX 2.7) (preloaded format=latex 2009.4.20)  13 MAY 2009 19:39
entering extended mode
**tesina.tex
(tesina.tex
LaTeX2e <2005/12/01>
Babel <v3.8h> and hyphenation patterns for english, dumylang, nohyphenation, ge
rman, ngerman, french, loaded.
("C:\Programmi\MiKTeX 2.7\tex\latex\base\report.cls"
Document Class: report 2005/09/16 v1.4f Standard LaTeX document class
("C:\Programmi\MiKTeX 2.7\tex\latex\base\size10.clo"
File: size10.clo 2005/09/16 v1.4f Standard LaTeX file (size option)
)
\c@part=\count79
\c@chapter=\count80
\c@section=\count81
\c@subsection=\count82
\c@subsubsection=\count83
\c@paragraph=\count84
\c@subparagraph=\count85
\c@figure=\count86
\c@table=\count87
\abovecaptionskip=\skip41
\belowcaptionskip=\skip42
\bibindent=\dimen102
)
("C:\Programmi\MiKTeX 2.7\tex\latex\base\inputenc.sty"
Package: inputenc 2006/05/05 v1.1b Input encoding file
\inpenc@prehook=\toks14
\inpenc@posthook=\toks15

("C:\Programmi\MiKTeX 2.7\tex\latex\base\latin1.def"
File: latin1.def 2006/05/05 v1.1b Input encoding file
))
("C:\Programmi\MiKTeX 2.7\tex\generic\babel\babel.sty"
Package: babel 2005/11/23 v3.8h The Babel package

*************************************
* Local config file bblopts.cfg used
*
("C:\Programmi\MiKTeX 2.7\tex\latex\00miktex\bblopts.cfg"
File: bblopts.cfg 2006/07/31 v1.0 MiKTeX 'babel' configuration
)
("C:\Programmi\MiKTeX 2.7\tex\generic\babel\italian.ldf"
Language: italian 2005/11/17 v1.2r Italian support from the babel system

("C:\Programmi\MiKTeX 2.7\tex\generic\babel\babel.def"
File: babel.def 2005/11/23 v3.8h Babel common definitions
\babel@savecnt=\count88
\U@D=\dimen103
)

Package babel Warning: No hyphenation patterns were loaded for
(babel)                the language `Italian'
(babel)                I will use the patterns loaded for \language=0 instead.

\l@italian = a dialect from \language0
Package babel Info: Making " an active character on input line 91.
)) ("C:\Programmi\MiKTeX 2.7\tex\latex\base\fontenc.sty"
Package: fontenc 2005/09/27 v1.99g Standard LaTeX package

("C:\Programmi\MiKTeX 2.7\tex\latex\base\t1enc.def"
File: t1enc.def 2005/09/27 v1.99g Standard LaTeX file
LaTeX Font Info:    Redeclaring font encoding T1 on input line 43.
))
("C:\Programmi\MiKTeX 2.7\tex\latex\base\latexsym.sty"
Package: latexsym 1998/08/17 v2.2e Standard LaTeX package (lasy symbols)
\symlasy=\mathgroup4
LaTeX Font Info:    Overwriting symbol font `lasy' in version `bold'
(Font)                  U/lasy/m/n --> U/lasy/b/n on input line 47.
)
("C:\Programmi\MiKTeX 2.7\tex\latex\graphics\graphicx.sty"
Package: graphicx 1999/02/16 v1.0f Enhanced LaTeX Graphics (DPC,SPQR)

("C:\Programmi\MiKTeX 2.7\tex\latex\graphics\keyval.sty"
Package: keyval 1999/03/16 v1.13 key=value parser (DPC)
\KV@toks@=\toks16
)
("C:\Programmi\MiKTeX 2.7\tex\latex\graphics\graphics.sty"
Package: graphics 2006/02/20 v1.0o Standard LaTeX Graphics (DPC,SPQR)

("C:\Programmi\MiKTeX 2.7\tex\latex\graphics\trig.sty"
Package: trig 1999/03/16 v1.09 sin cos tan (DPC)
)
("C:\Programmi\MiKTeX 2.7\tex\latex\00miktex\graphics.cfg"
File: graphics.cfg 2007/01/18 v1.5 graphics configuration of teTeX/TeXLive
)
Package graphics Info: Driver file: dvips.def on input line 90.

("C:\Programmi\MiKTeX 2.7\tex\latex\graphics\dvips.def"
File: dvips.def 1999/02/16 v3.0i Driver-dependant file (DPC,SPQR)
))
\Gin@req@height=\dimen104
\Gin@req@width=\dimen105
)
("C:\Programmi\MiKTeX 2.7\tex\latex\graphics\epsfig.sty"
Package: epsfig 1999/02/16 v1.7a (e)psfig emulation (SPQR)
\epsfxsize=\dimen106
\epsfysize=\dimen107
)
("C:\Programmi\MiKTeX 2.7\tex\latex\amsmath\amsmath.sty"
Package: amsmath 2000/07/18 v2.13 AMS math features
\@mathmargin=\skip43

For additional information on amsmath, use the `?' option.
("C:\Programmi\MiKTeX 2.7\tex\latex\amsmath\amstext.sty"
Package: amstext 2000/06/29 v2.01

("C:\Programmi\MiKTeX 2.7\tex\latex\amsmath\amsgen.sty"
File: amsgen.sty 1999/11/30 v2.0
\@emptytoks=\toks17
\ex@=\dimen108
))
("C:\Programmi\MiKTeX 2.7\tex\latex\amsmath\amsbsy.sty"
Package: amsbsy 1999/11/29 v1.2d
\pmbraise@=\dimen109
)
("C:\Programmi\MiKTeX 2.7\tex\latex\amsmath\amsopn.sty"
Package: amsopn 1999/12/14 v2.01 operator names
)
\inf@bad=\count89
LaTeX Info: Redefining \frac on input line 211.
\uproot@=\count90
\leftroot@=\count91
LaTeX Info: Redefining \overline on input line 307.
\classnum@=\count92
\DOTSCASE@=\count93
LaTeX Info: Redefining \ldots on input line 379.
LaTeX Info: Redefining \dots on input line 382.
LaTeX Info: Redefining \cdots on input line 467.
\Mathstrutbox@=\box26
\strutbox@=\box27
\big@size=\dimen110
LaTeX Font Info:    Redeclaring font encoding OML on input line 567.
LaTeX Font Info:    Redeclaring font encoding OMS on input line 568.
\macc@depth=\count94
\c@MaxMatrixCols=\count95
\dotsspace@=\muskip10
\c@parentequation=\count96
\dspbrk@lvl=\count97
\tag@help=\toks18
\row@=\count98
\column@=\count99
\maxfields@=\count100
\andhelp@=\toks19
\eqnshift@=\dimen111
\alignsep@=\dimen112
\tagshift@=\dimen113
\tagwidth@=\dimen114
\totwidth@=\dimen115
\lineht@=\dimen116
\@envbody=\toks20
\multlinegap=\skip44
\multlinetaggap=\skip45
\mathdisplay@stack=\toks21
LaTeX Info: Redefining \[ on input line 2666.
LaTeX Info: Redefining \] on input line 2667.
)
("C:\Programmi\MiKTeX 2.7\tex\latex\amsfonts\amssymb.sty"
Package: amssymb 2002/01/22 v2.2d

("C:\Programmi\MiKTeX 2.7\tex\latex\amsfonts\amsfonts.sty"
Package: amsfonts 2001/10/25 v2.2f
\symAMSa=\mathgroup5
\symAMSb=\mathgroup6
LaTeX Font Info:    Overwriting math alphabet `\mathfrak' in version `bold'
(Font)                  U/euf/m/n --> U/euf/b/n on input line 132.
))
("C:\Programmi\MiKTeX 2.7\tex\latex\hyphenat\hyphenat.sty"
Package: hyphenat 2001/01/02 v2.3a hyphenation utilities
\langwohyphens=\language6
LaTeX Info: Redefining \_ on input line 46.
)
("C:\Programmi\MiKTeX 2.7\tex\latex\fancyhdr\fancyhdr.sty"
\fancy@headwidth=\skip46
\f@ncyO@elh=\skip47
\f@ncyO@erh=\skip48
\f@ncyO@olh=\skip49
\f@ncyO@orh=\skip50
\f@ncyO@elf=\skip51
\f@ncyO@erf=\skip52
\f@ncyO@olf=\skip53
\f@ncyO@orf=\skip54
)
\@input{miei_comandi.aux}
(miei_comandi.tex)

LaTeX Warning: Unused global option(s):
    [14pt].

(tesina.aux (mytitle.aux)

LaTeX Warning: Label `def_dft' multiply defined.

(bibliografia.aux))
LaTeX Font Info:    Checking defaults for OML/cmm/m/it on input line 27.
LaTeX Font Info:    ... okay on input line 27.
LaTeX Font Info:    Checking defaults for T1/cmr/m/n on input line 27.
LaTeX Font Info:    ... okay on input line 27.
LaTeX Font Info:    Checking defaults for OT1/cmr/m/n on input line 27.
LaTeX Font Info:    ... okay on input line 27.
LaTeX Font Info:    Checking defaults for OMS/cmsy/m/n on input line 27.
LaTeX Font Info:    ... okay on input line 27.
LaTeX Font Info:    Checking defaults for OMX/cmex/m/n on input line 27.
LaTeX Font Info:    ... okay on input line 27.
LaTeX Font Info:    Checking defaults for U/cmr/m/n on input line 27.
LaTeX Font Info:    ... okay on input line 27.
LaTeX Font Info:    Checking defaults for LGR/cmr/m/n on input line 27.
LaTeX Font Info:    Try loading font information for LGR+cmr on input line 27.
 ("C:\Programmi\MiKTeX 2.7\tex\generic\babel\lgrcmr.fd"
File: lgrcmr.fd 2001/01/30 v2.2e Greek Computer Modern
)
LaTeX Font Info:    ... okay on input line 27.

(mytitle.tex
File: tesi_logounipd2.eps Graphic file (type eps)
 <tesi_logounipd2.eps>
LaTeX Font Info:    Try loading font information for U+lasy on input line 28.

("C:\Programmi\MiKTeX 2.7\tex\latex\base\ulasy.fd"
File: ulasy.fd 1998/08/17 v2.2e LaTeX symbol font definitions
)
LaTeX Font Info:    Try loading font information for U+msa on input line 28.

("C:\Programmi\MiKTeX 2.7\tex\latex\amsfonts\umsa.fd"
File: umsa.fd 2002/01/19 v2.2g AMS font definitions
)
LaTeX Font Info:    Try loading font information for U+msb on input line 28.

("C:\Programmi\MiKTeX 2.7\tex\latex\amsfonts\umsb.fd"
File: umsb.fd 2002/01/19 v2.2g AMS font definitions
) [1




]) (tesina.toc)
\tf@toc=\write3

[1


]
Capitolo 1.

Overfull \hbox (7.74pt too wide) in paragraph at lines 38--39
\T1/cmr/m/it/10 Fouri-er trans-form) \T1/cmr/m/n/10 di $\OML/cmm/m/it/10 x$ \T1
/cmr/m/n/10 la se-quen-za $\OML/cmm/m/it/10 X[]; :::; X[]$ \T1/cmr/m/n/10 espre
s-sa dal-la seguente re-lazione: 
 []

[2

]
LaTeX Font Info:    Try loading font information for OMS+cmr on input line 73.
 ("C:\Programmi\MiKTeX 2.7\tex\latex\base\omscmr.fd"
File: omscmr.fd 1999/05/25 v2.5h Standard LaTeX font definitions
)
LaTeX Font Info:    Font shape `OMS/cmr/m/n' in size <10> not available
(Font)              Font shape `OMS/cmsy/m/n' tried instead on input line 73.

Overfull \hbox (6.32312pt too wide) in paragraph at lines 79--81
[]\T1/cmr/m/n/10 DFT e IDFT map-pano vet-tori com-p-lessi $\OML/cmm/m/it/10 N$\
T1/cmr/m/n/10 -dimensionali in vet-tori com-p-lessi
 []

[3]
Underfull \hbox (badness 10000) in paragraph at lines 127--129

 []


Underfull \hbox (badness 10000) in paragraph at lines 131--135

 []

[4]
Overfull \hbox (3.6173pt too wide) in paragraph at lines 140--143
\T1/cmr/m/it/10 con-voluzione ci-cli-ca \T1/cmr/m/n/10 di $\OML/cmm/m/it/10 x$ 
\T1/cmr/m/n/10 e $\OML/cmm/m/it/10 y$\T1/cmr/m/n/10 , in-di-ca-ta con $\OML/cmm
/m/it/10 x \U/msa/m/n/10 ~ \OML/cmm/m/it/10 y$\T1/cmr/m/n/10 , il vet-tore w di
 $\OML/cmm/m/it/10 N$ \T1/cmr/m/n/10 com-po-nen-ti
 []


Underfull \hbox (badness 10000) in paragraph at lines 140--143

 []


Underfull \hbox (badness 10000) in paragraph at lines 145--148

 []


Overfull \hbox (6.82965pt too wide) in paragraph at lines 159--160
[]\T1/cmr/m/n/10 Dalla de-fizione 2.1[] di DFT emerge im-ma-di-ata-mente una in
-ter-pre-tazione ma-tri-ciale
 []


Underfull \hbox (badness 10000) in paragraph at lines 159--160

 []

[5]
Overfull \hbox (6.64113pt too wide) in paragraph at lines 225--226
[][]\T1/cmr/m/n/10 coniugando l'in-put, ap-pli-can-do la DFT, co-ni-u-gan-do l'
out-put e quin-di sca-lan-do. 
 []


Overfull \hbox (24.23628pt too wide) in paragraph at lines 227--227
[]\T1/cmr/bx/n/14.4 Segnali di du-ra-ta fini-ta: re-lazione tra trasfor-ma-ta
 []

[6] [7]
Capitolo 2.

Overfull \hbox (4.5313pt too wide) in paragraph at lines 230--233
\T1/cmr/m/n/10 L'FFT viene nor-mal-mente at-tribui-ta a Coo-ley e Tukey. Di fat
-to questo par-ti-co-lare
 []


Underfull \hbox (badness 10000) in paragraph at lines 230--233

 []

[8

] [9]
Overfull \hbox (2.89359pt too wide) in paragraph at lines 271--272
[][]\T1/cmr/m/n/10 Osserviamo in-oltre che il prin-ci-pio \T1/cmr/m/it/10 `di-v
ide et im-per-a' \T1/cmr/m/n/10 con-duce spon-tanea-mente
 []

File: tipi_algoritmi.ps Graphic file (type eps)
<tipi_algoritmi.ps>
Overfull \hbox (7.6172pt too wide) in paragraph at lines 273--274
[][][] 
 []


Underfull \hbox (badness 10000) in paragraph at lines 277--279

 []

[10] [11] [12] [13]
Capitolo 3.
[14

] [15] (bibliografia.tex) [16


] (tesina.aux (mytitle.aux) (bibliografia.aux))

LaTeX Warning: There were multiply-defined labels.

 )
(\end occurred inside a group at level 1)

### simple group (level 1) entered at line 285 ({)
### bottom level 
Here is how much of TeX's memory you used:
 2363 strings out of 95341
 26039 string characters out of 1184309
 80352 words of memory out of 1500000
 5491 multiletter control sequences out of 110000
 18647 words of font info for 44 fonts, out of 1200000 for 2000
 14 hyphenation exceptions out of 8191
 27i,17n,43p,562b,274s stack positions out of 5000i,500n,10000p,200000b,5000s

Output written on tesina.dvi (17 pages, 42300 bytes).
