This is pdfTeX, Version 3.141592-1.40.4 (MiKTeX 2.7) (preloaded format=latex 2009.4.20)  15 MAY 2009 10:13
entering extended mode
**tesina.tex
(tesina.tex
LaTeX2e <2005/12/01>
Babel <v3.8h> and hyphenation patterns for english, dumylang, nohyphenation, ge
rman, ngerman, french, loaded.
("C:\Programmi\MiKTeX 2.7\tex\latex\base\report.cls"
Document Class: report 2005/09/16 v1.4f Standard LaTeX document class
("C:\Programmi\MiKTeX 2.7\tex\latex\base\size10.clo"
File: size10.clo 2005/09/16 v1.4f Standard LaTeX file (size option)
)
\c@part=\count79
\c@chapter=\count80
\c@section=\count81
\c@subsection=\count82
\c@subsubsection=\count83
\c@paragraph=\count84
\c@subparagraph=\count85
\c@figure=\count86
\c@table=\count87
\abovecaptionskip=\skip41
\belowcaptionskip=\skip42
\bibindent=\dimen102
)
("C:\Programmi\MiKTeX 2.7\tex\latex\base\inputenc.sty"
Package: inputenc 2006/05/05 v1.1b Input encoding file
\inpenc@prehook=\toks14
\inpenc@posthook=\toks15

("C:\Programmi\MiKTeX 2.7\tex\latex\base\latin1.def"
File: latin1.def 2006/05/05 v1.1b Input encoding file
))
("C:\Programmi\MiKTeX 2.7\tex\generic\babel\babel.sty"
Package: babel 2005/11/23 v3.8h The Babel package

*************************************
* Local config file bblopts.cfg used
*
("C:\Programmi\MiKTeX 2.7\tex\latex\00miktex\bblopts.cfg"
File: bblopts.cfg 2006/07/31 v1.0 MiKTeX 'babel' configuration
)
("C:\Programmi\MiKTeX 2.7\tex\generic\babel\italian.ldf"
Language: italian 2005/11/17 v1.2r Italian support from the babel system

("C:\Programmi\MiKTeX 2.7\tex\generic\babel\babel.def"
File: babel.def 2005/11/23 v3.8h Babel common definitions
\babel@savecnt=\count88
\U@D=\dimen103
)

Package babel Warning: No hyphenation patterns were loaded for
(babel)                the language `Italian'
(babel)                I will use the patterns loaded for \language=0 instead.

\l@italian = a dialect from \language0
Package babel Info: Making " an active character on input line 91.
)) ("C:\Programmi\MiKTeX 2.7\tex\latex\base\fontenc.sty"
Package: fontenc 2005/09/27 v1.99g Standard LaTeX package

("C:\Programmi\MiKTeX 2.7\tex\latex\base\t1enc.def"
File: t1enc.def 2005/09/27 v1.99g Standard LaTeX file
LaTeX Font Info:    Redeclaring font encoding T1 on input line 43.
))
("C:\Programmi\MiKTeX 2.7\tex\latex\base\latexsym.sty"
Package: latexsym 1998/08/17 v2.2e Standard LaTeX package (lasy symbols)
\symlasy=\mathgroup4
LaTeX Font Info:    Overwriting symbol font `lasy' in version `bold'
(Font)                  U/lasy/m/n --> U/lasy/b/n on input line 47.
)
("C:\Programmi\MiKTeX 2.7\tex\latex\graphics\graphicx.sty"
Package: graphicx 1999/02/16 v1.0f Enhanced LaTeX Graphics (DPC,SPQR)

("C:\Programmi\MiKTeX 2.7\tex\latex\graphics\keyval.sty"
Package: keyval 1999/03/16 v1.13 key=value parser (DPC)
\KV@toks@=\toks16
)
("C:\Programmi\MiKTeX 2.7\tex\latex\graphics\graphics.sty"
Package: graphics 2006/02/20 v1.0o Standard LaTeX Graphics (DPC,SPQR)

("C:\Programmi\MiKTeX 2.7\tex\latex\graphics\trig.sty"
Package: trig 1999/03/16 v1.09 sin cos tan (DPC)
)
("C:\Programmi\MiKTeX 2.7\tex\latex\00miktex\graphics.cfg"
File: graphics.cfg 2007/01/18 v1.5 graphics configuration of teTeX/TeXLive
)
Package graphics Info: Driver file: dvips.def on input line 90.

("C:\Programmi\MiKTeX 2.7\tex\latex\graphics\dvips.def"
File: dvips.def 1999/02/16 v3.0i Driver-dependant file (DPC,SPQR)
))
\Gin@req@height=\dimen104
\Gin@req@width=\dimen105
)
("C:\Programmi\MiKTeX 2.7\tex\latex\graphics\epsfig.sty"
Package: epsfig 1999/02/16 v1.7a (e)psfig emulation (SPQR)
\epsfxsize=\dimen106
\epsfysize=\dimen107
)
("C:\Programmi\MiKTeX 2.7\tex\latex\amsmath\amsmath.sty"
Package: amsmath 2000/07/18 v2.13 AMS math features
\@mathmargin=\skip43

For additional information on amsmath, use the `?' option.
("C:\Programmi\MiKTeX 2.7\tex\latex\amsmath\amstext.sty"
Package: amstext 2000/06/29 v2.01

("C:\Programmi\MiKTeX 2.7\tex\latex\amsmath\amsgen.sty"
File: amsgen.sty 1999/11/30 v2.0
\@emptytoks=\toks17
\ex@=\dimen108
))
("C:\Programmi\MiKTeX 2.7\tex\latex\amsmath\amsbsy.sty"
Package: amsbsy 1999/11/29 v1.2d
\pmbraise@=\dimen109
)
("C:\Programmi\MiKTeX 2.7\tex\latex\amsmath\amsopn.sty"
Package: amsopn 1999/12/14 v2.01 operator names
)
\inf@bad=\count89
LaTeX Info: Redefining \frac on input line 211.
\uproot@=\count90
\leftroot@=\count91
LaTeX Info: Redefining \overline on input line 307.
\classnum@=\count92
\DOTSCASE@=\count93
LaTeX Info: Redefining \ldots on input line 379.
LaTeX Info: Redefining \dots on input line 382.
LaTeX Info: Redefining \cdots on input line 467.
\Mathstrutbox@=\box26
\strutbox@=\box27
\big@size=\dimen110
LaTeX Font Info:    Redeclaring font encoding OML on input line 567.
LaTeX Font Info:    Redeclaring font encoding OMS on input line 568.
\macc@depth=\count94
\c@MaxMatrixCols=\count95
\dotsspace@=\muskip10
\c@parentequation=\count96
\dspbrk@lvl=\count97
\tag@help=\toks18
\row@=\count98
\column@=\count99
\maxfields@=\count100
\andhelp@=\toks19
\eqnshift@=\dimen111
\alignsep@=\dimen112
\tagshift@=\dimen113
\tagwidth@=\dimen114
\totwidth@=\dimen115
\lineht@=\dimen116
\@envbody=\toks20
\multlinegap=\skip44
\multlinetaggap=\skip45
\mathdisplay@stack=\toks21
LaTeX Info: Redefining \[ on input line 2666.
LaTeX Info: Redefining \] on input line 2667.
)
("C:\Programmi\MiKTeX 2.7\tex\latex\amsfonts\amssymb.sty"
Package: amssymb 2002/01/22 v2.2d

("C:\Programmi\MiKTeX 2.7\tex\latex\amsfonts\amsfonts.sty"
Package: amsfonts 2001/10/25 v2.2f
\symAMSa=\mathgroup5
\symAMSb=\mathgroup6
LaTeX Font Info:    Overwriting math alphabet `\mathfrak' in version `bold'
(Font)                  U/euf/m/n --> U/euf/b/n on input line 132.
))
("C:\Programmi\MiKTeX 2.7\tex\latex\hyphenat\hyphenat.sty"
Package: hyphenat 2001/01/02 v2.3a hyphenation utilities
\langwohyphens=\language6
LaTeX Info: Redefining \_ on input line 46.
)
("C:\Programmi\MiKTeX 2.7\tex\latex\fancyhdr\fancyhdr.sty"
\fancy@headwidth=\skip46
\f@ncyO@elh=\skip47
\f@ncyO@erh=\skip48
\f@ncyO@olh=\skip49
\f@ncyO@orh=\skip50
\f@ncyO@elf=\skip51
\f@ncyO@erf=\skip52
\f@ncyO@olf=\skip53
\f@ncyO@orf=\skip54
)
\@input{miei_comandi.aux}
(miei_comandi.tex)

LaTeX Warning: Unused global option(s):
    [14pt].

(tesina.aux (mytitle.aux) (bibliografia.aux))
LaTeX Font Info:    Checking defaults for OML/cmm/m/it on input line 27.
LaTeX Font Info:    ... okay on input line 27.
LaTeX Font Info:    Checking defaults for T1/cmr/m/n on input line 27.
LaTeX Font Info:    ... okay on input line 27.
LaTeX Font Info:    Checking defaults for OT1/cmr/m/n on input line 27.
LaTeX Font Info:    ... okay on input line 27.
LaTeX Font Info:    Checking defaults for OMS/cmsy/m/n on input line 27.
LaTeX Font Info:    ... okay on input line 27.
LaTeX Font Info:    Checking defaults for OMX/cmex/m/n on input line 27.
LaTeX Font Info:    ... okay on input line 27.
LaTeX Font Info:    Checking defaults for U/cmr/m/n on input line 27.
LaTeX Font Info:    ... okay on input line 27.
LaTeX Font Info:    Checking defaults for LGR/cmr/m/n on input line 27.
LaTeX Font Info:    Try loading font information for LGR+cmr on input line 27.

("C:\Programmi\MiKTeX 2.7\tex\generic\babel\lgrcmr.fd"
File: lgrcmr.fd 2001/01/30 v2.2e Greek Computer Modern
)
LaTeX Font Info:    ... okay on input line 27.
 (mytitle.tex
File: tesi_logounipd2.eps Graphic file (type eps)

<tesi_logounipd2.eps>
LaTeX Font Info:    Try loading font information for U+lasy on input line 28.
 ("C:\Programmi\MiKTeX 2.7\tex\latex\base\ulasy.fd"
File: ulasy.fd 1998/08/17 v2.2e LaTeX symbol font definitions
)
LaTeX Font Info:    Try loading font information for U+msa on input line 28.

("C:\Programmi\MiKTeX 2.7\tex\latex\amsfonts\umsa.fd"
File: umsa.fd 2002/01/19 v2.2g AMS font definitions
)
LaTeX Font Info:    Try loading font information for U+msb on input line 28.

("C:\Programmi\MiKTeX 2.7\tex\latex\amsfonts\umsb.fd"
File: umsb.fd 2002/01/19 v2.2g AMS font definitions
) [1




]) (tesina.toc)
\tf@toc=\write3

[1


]
Capitolo 1.

Overfull \hbox (7.74pt too wide) in paragraph at lines 38--39
\T1/cmr/m/it/10 Fouri-er trans-form) \T1/cmr/m/n/10 di $\OML/cmm/m/it/10 x$ \T1
/cmr/m/n/10 la se-quen-za $\OML/cmm/m/it/10 X[]; :::; X[]$ \T1/cmr/m/n/10 espre
s-sa dal-la seguente re-lazione: 
 []


LaTeX Warning: Reference `def-dft' on page 2 undefined on input line 49.


Overfull \hbox (11.1908pt too wide) in paragraph at lines 68--72
[]\T1/cmr/m/n/10 Descriviamo al-cune delle pro-pri-età più sig-ni-fica-tive del
-la DFT, ovvero con-sid-e-ri-amo
 []


Overfull \hbox (16.5495pt too wide) in paragraph at lines 68--72
\T1/cmr/m/n/10 pro-pri-età dis-cen-dono di-ret-ta-mente dal-la definizione del-
l'-op-er-a-tore DFT e riguardano
 []


Overfull \hbox (2.78282pt too wide) in paragraph at lines 68--72
\T1/cmr/m/n/10 la lin-ear-ità,la pe-ri-od-ic-ità e la sim-me-tria. La lin-ear-i
tà viene uti-liz-za-ta spe-cial-mente
 []


Overfull \hbox (9.57898pt too wide) in paragraph at lines 68--72
\T1/cmr/m/n/10 nelle ap-pli-cazioni in cui il vet-tore di cui bisogna cal-co-la
re la DFT si può de-com-porre
 []


Overfull \hbox (5.4411pt too wide) in paragraph at lines 68--72
\T1/cmr/m/n/10 nelle sue com-po-nen-ti ar-moniche e at-traver-so l'anal-isi del
-la DFT di tali com-po-nen-ti
 []

[2

]
LaTeX Font Info:    Try loading font information for OMS+cmr on input line 77.
 ("C:\Programmi\MiKTeX 2.7\tex\latex\base\omscmr.fd"
File: omscmr.fd 1999/05/25 v2.5h Standard LaTeX font definitions
)
LaTeX Font Info:    Font shape `OMS/cmr/m/n' in size <10> not available
(Font)              Font shape `OMS/cmsy/m/n' tried instead on input line 77.

Overfull \hbox (6.32312pt too wide) in paragraph at lines 83--85
[]\T1/cmr/m/n/10 DFT e IDFT map-pano vet-tori com-p-lessi $\OML/cmm/m/it/10 N$\
T1/cmr/m/n/10 -dimensionali in vet-tori com-p-lessi
 []

[3]
Underfull \hbox (badness 10000) in paragraph at lines 131--133

 []

[4]
Underfull \hbox (badness 10000) in paragraph at lines 135--139

 []


Overfull \hbox (3.6173pt too wide) in paragraph at lines 144--147
\T1/cmr/m/it/10 con-voluzione ci-cli-ca \T1/cmr/m/n/10 di $\OML/cmm/m/it/10 x$ 
\T1/cmr/m/n/10 e $\OML/cmm/m/it/10 y$\T1/cmr/m/n/10 , in-di-ca-ta con $\OML/cmm
/m/it/10 x \U/msa/m/n/10 ~ \OML/cmm/m/it/10 y$\T1/cmr/m/n/10 , il vet-tore w di
 $\OML/cmm/m/it/10 N$ \T1/cmr/m/n/10 com-po-nen-ti
 []


Underfull \hbox (badness 10000) in paragraph at lines 144--147

 []


Underfull \hbox (badness 10000) in paragraph at lines 149--152

 []


Overfull \hbox (14.60553pt too wide) in paragraph at lines 163--164
[]\T1/cmr/m/n/10 Dalla de-fizione [] di DFT emerge im-ma-di-ata-mente una in-te
r-pre-tazione ma-tri-ciale
 []


Underfull \hbox (badness 10000) in paragraph at lines 163--164

 []

[5] [6]
Overfull \hbox (6.64113pt too wide) in paragraph at lines 229--230
[][]\T1/cmr/m/n/10 coniugando l'in-put, ap-pli-can-do la DFT, co-ni-u-gan-do l'
out-put e quin-di sca-lan-do. 
 []


Overfull \hbox (24.23628pt too wide) in paragraph at lines 231--231
[]\T1/cmr/bx/n/14.4 Segnali di du-ra-ta fini-ta: re-lazione tra trasfor-ma-ta
 []

[7]
Capitolo 2.

Overfull \hbox (4.5313pt too wide) in paragraph at lines 234--237
\T1/cmr/m/n/10 L'FFT viene nor-mal-mente at-tribui-ta a Coo-ley e Tukey. Di fat
-to questo par-ti-co-lare
 []


Underfull \hbox (badness 10000) in paragraph at lines 234--237

 []

[8

]
Overfull \hbox (0.88776pt too wide) in paragraph at lines 256--258
[]\T1/cmr/m/n/10 richiedendo 4 molti-pli-cazioni re-ali e 2 ad-dizioni e per-ta
n-to il nu-mero di op-er-azioni
 []


Overfull \hbox (13.16731pt too wide) in paragraph at lines 261--262
[][]\T1/cmr/m/n/10 Inoltre, poichè nel ca-so del-la FFT, tutte le molti-pli-caz
ioni com-p-lesse coin-vol-go-no
 []

[9]
Overfull \hbox (2.89359pt too wide) in paragraph at lines 290--291
[][]\T1/cmr/m/n/10 Osserviamo in-oltre che il prin-ci-pio \T1/cmr/m/it/10 `di-v
ide et im-per-a' \T1/cmr/m/n/10 con-duce spon-tanea-mente
 []

File: immagini/tipi_algoritmi.ps Graphic file (type eps)
<immagini/tipi_algoritmi.ps>
Underfull \hbox (badness 10000) in paragraph at lines 301--303

 []

[10] [11]
File: immagini/cooley-tukey-butterfly.ps Graphic file (type eps)
 <immagini/cooley-tukey-butterfly.ps> [12] [13]
File: immagini/gentleman-sande-butterfly.ps Graphic file (type eps)

<immagini/gentleman-sande-butterfly.ps>
Overfull \hbox (12.90149pt too wide) in paragraph at lines 427--434
\T1/cmr/m/n/10 com-p-lesse e per-tan-to an-che in questo ca-so la com-p-lessità
 risul-ta $\OML/cmm/m/it/10 T\OT1/cmr/m/n/10 (\OML/cmm/m/it/10 N\OT1/cmr/m/n/10
 ) = 5\OML/cmm/m/it/10 N []\OT1/cmr/m/n/10 (\OML/cmm/m/it/10 N\OT1/cmr/m/n/10 )
$\T1/cmr/m/n/10 . 
 []


Overfull \hbox (13.13477pt too wide) in paragraph at lines 435--436
[]\T1/cmr/m/n/10 L'idea che sta al-la base del-l'al-go-rit-mo Split-radix è que
l-la di us-are la de-com-po-sizione
 []

[14]
Overfull \hbox (2.83081pt too wide) detected at line 453
\OML/cmm/m/it/10 Z[] \OT1/cmr/m/n/10 = [] [] = [] [] = [] []\OML/cmm/m/it/10 ; 
 r \OT1/cmr/m/n/10 = 0\OML/cmm/m/it/10 ; \OT1/cmr/m/n/10 1\OML/cmm/m/it/10 ; ::
:; N=\OT1/cmr/m/n/10 4 \OMS/cmsy/m/n/10   \OT1/cmr/m/n/10 1
 []


Overfull \hbox (5.428pt too wide) detected at line 457
\OML/cmm/m/it/10 H[] \OT1/cmr/m/n/10 = [] [] = [] [] = [] []\OML/cmm/m/it/10 ; 
 r \OT1/cmr/m/n/10 = 0\OML/cmm/m/it/10 ; \OT1/cmr/m/n/10 1\OML/cmm/m/it/10 ; ::
:; N=\OT1/cmr/m/n/10 4 \OMS/cmsy/m/n/10   \OT1/cmr/m/n/10 1
 []

[15]
Overfull \hbox (13.27728pt too wide) in paragraph at lines 476--477
[][]\T1/cmr/m/n/10 Le re-lazioni espresse in [] [] [] [] sono soli-ta-mente rap
-p-re-sen-tate
 []

File: immagini/split-radix-dit-butterfly.ps Graphic file (type eps)
<immagini/split-radix-dit-butterfly.ps>
Overfull \hbox (2.5829pt too wide) in paragraph at lines 483--485
\T1/cmr/m/n/10 prob-le-mi per le im-ple-men-tazioni se-quen-ziali, rende molto 
dif-fi-cile l'or-ga-niz-zazione
 []

[16] [17]
Capitolo 3.
[18

] [19] (bibliografia.tex) [20


] (tesina.aux (mytitle.aux) (bibliografia.aux))

LaTeX Warning: There were undefined references.

 )
(\end occurred inside a group at level 1)

### simple group (level 1) entered at line 312 ({)
### bottom level 
Here is how much of TeX's memory you used:
 2377 strings out of 95341
 26393 string characters out of 1184309
 83377 words of memory out of 1500000
 5501 multiletter control sequences out of 110000
 18647 words of font info for 44 fonts, out of 1200000 for 2000
 14 hyphenation exceptions out of 8191
 27i,17n,43p,562b,298s stack positions out of 5000i,500n,10000p,200000b,5000s

Output written on tesina.dvi (21 pages, 59608 bytes).
