26-lug-2008 13.58.04 jlibrtp.RTCPSenderThread <init>
FINISSIMO: <-> RTCPSenderThread created
26-lug-2008 13.58.04 jlibrtp.RTCPSenderThread run
FINISSIMO: <-> RTCPSenderThread running
26-lug-2008 13.58.04 jlibrtp.RTCPSenderThread run
FINISSIMO: <-> RTCPSenderThread sleeping for 2685 ms
26-lug-2008 13.58.07 jlibrtp.RTCPSenderThread run
FINISSIMO: <-> RTCPSenderThread waking up
26-lug-2008 13.58.07 jlibrtp.RTCPSenderThread sendCompRtcpPkt
FINISSIMO: <-> RTCPSenderThread.SendCompRtcpPkt() unicast to /192.168.0.22:8767 class jlibrtp.RtcpPktSR:0, class jlibrtp.RtcpPktSDES:1, 
26-lug-2008 13.58.07 jlibrtp.RTCPSenderThread run
FINISSIMO: <-> RTCPSenderThread sleeping for 5644 ms
26-lug-2008 13.58.13 jlibrtp.RTCPSenderThread run
FINISSIMO: <-> RTCPSenderThread waking up
26-lug-2008 13.58.13 jlibrtp.RTCPSenderThread sendCompRtcpPkt
FINISSIMO: <-> RTCPSenderThread.SendCompRtcpPkt() unicast to /192.168.0.22:8767 class jlibrtp.RtcpPktSR:0, class jlibrtp.RtcpPktSDES:1, 
26-lug-2008 13.58.13 jlibrtp.RTCPSenderThread run
FINISSIMO: <-> RTCPSenderThread sleeping for 5303 ms
26-lug-2008 13.58.18 jlibrtp.RTCPSenderThread run
FINISSIMO: <-> RTCPSenderThread waking up
26-lug-2008 13.58.18 jlibrtp.RTCPSenderThread sendCompRtcpPkt
FINISSIMO: <-> RTCPSenderThread.SendCompRtcpPkt() unicast to /192.168.0.22:8767 class jlibrtp.RtcpPktSR:0, class jlibrtp.RtcpPktSDES:1, 
26-lug-2008 13.58.18 jlibrtp.RTCPSenderThread run
FINISSIMO: <-> RTCPSenderThread sleeping for 5634 ms
26-lug-2008 13.58.24 jlibrtp.RTCPSenderThread run
FINISSIMO: <-> RTCPSenderThread waking up
26-lug-2008 13.58.24 jlibrtp.RTCPSenderThread sendCompRtcpPkt
FINISSIMO: <-> RTCPSenderThread.SendCompRtcpPkt() unicast to /192.168.0.22:8767 class jlibrtp.RtcpPktSR:0, class jlibrtp.RtcpPktSDES:1, 
26-lug-2008 13.58.24 jlibrtp.RTCPSenderThread run
FINISSIMO: <-> RTCPSenderThread sleeping for 5643 ms
26-lug-2008 13.58.29 jlibrtp.RTCPSenderThread run
FINISSIMO: <-> RTCPSenderThread waking up
26-lug-2008 13.58.29 jlibrtp.RTCPSenderThread sendCompRtcpPkt
FINISSIMO: <-> RTCPSenderThread.SendCompRtcpPkt() unicast to /192.168.0.22:8767 class jlibrtp.RtcpPktSR:0, class jlibrtp.RtcpPktSDES:1, 
26-lug-2008 13.58.29 jlibrtp.RTCPSenderThread run
FINISSIMO: <-> RTCPSenderThread sleeping for 5160 ms
26-lug-2008 13.58.34 jlibrtp.RTCPSenderThread run
FINISSIMO: <-> RTCPSenderThread waking up
26-lug-2008 13.58.34 jlibrtp.RTCPSenderThread sendCompRtcpPkt
FINISSIMO: <-> RTCPSenderThread.SendCompRtcpPkt() unicast to /192.168.0.22:8767 class jlibrtp.RtcpPktSR:0, class jlibrtp.RtcpPktSDES:1, 
26-lug-2008 13.58.34 jlibrtp.RTCPSenderThread run
FINISSIMO: <-> RTCPSenderThread sleeping for 5365 ms
26-lug-2008 13.58.40 jlibrtp.RTCPSenderThread run
FINISSIMO: <-> RTCPSenderThread waking up
26-lug-2008 13.58.40 jlibrtp.RTCPSenderThread sendCompRtcpPkt
FINISSIMO: <-> RTCPSenderThread.SendCompRtcpPkt() unicast to /192.168.0.22:8767 class jlibrtp.RtcpPktSR:0, class jlibrtp.RtcpPktSDES:1, 
26-lug-2008 13.58.40 jlibrtp.RTCPSenderThread run
FINISSIMO: <-> RTCPSenderThread sleeping for 5331 ms
26-lug-2008 13.58.45 jlibrtp.RTCPSenderThread run
FINISSIMO: <-> RTCPSenderThread waking up
26-lug-2008 13.58.45 jlibrtp.RTCPSenderThread sendCompRtcpPkt
FINISSIMO: <-> RTCPSenderThread.SendCompRtcpPkt() unicast to /192.168.0.22:8767 class jlibrtp.RtcpPktSR:0, class jlibrtp.RtcpPktSDES:1, 
26-lug-2008 13.58.45 jlibrtp.RTCPSenderThread run
FINISSIMO: <-> RTCPSenderThread sleeping for 5859 ms
26-lug-2008 13.58.51 jlibrtp.RTCPSenderThread run
FINISSIMO: <-> RTCPSenderThread waking up
26-lug-2008 13.58.51 jlibrtp.RTCPSenderThread sendCompRtcpPkt
FINISSIMO: <-> RTCPSenderThread.SendCompRtcpPkt() unicast to /192.168.0.22:8767 class jlibrtp.RtcpPktSR:0, class jlibrtp.RtcpPktSDES:1, 
26-lug-2008 13.58.51 jlibrtp.RTCPSenderThread run
FINISSIMO: <-> RTCPSenderThread sleeping for 5949 ms
26-lug-2008 13.58.57 jlibrtp.RTCPSenderThread run
FINISSIMO: <-> RTCPSenderThread waking up
26-lug-2008 13.58.57 jlibrtp.RTCPSenderThread sendCompRtcpPkt
FINISSIMO: <-> RTCPSenderThread.SendCompRtcpPkt() unicast to /192.168.0.22:8767 class jlibrtp.RtcpPktSR:0, class jlibrtp.RtcpPktSDES:1, 
26-lug-2008 13.58.57 jlibrtp.RTCPSenderThread run
FINISSIMO: <-> RTCPSenderThread sleeping for 5929 ms
26-lug-2008 13.59.03 jlibrtp.RTCPSenderThread run
FINISSIMO: <-> RTCPSenderThread waking up
26-lug-2008 13.59.03 jlibrtp.RTCPSenderThread sendCompRtcpPkt
FINISSIMO: <-> RTCPSenderThread.SendCompRtcpPkt() unicast to /192.168.0.22:8767 class jlibrtp.RtcpPktSR:0, class jlibrtp.RtcpPktSDES:1, 
26-lug-2008 13.59.03 jlibrtp.RTCPSenderThread run
FINISSIMO: <-> RTCPSenderThread sleeping for 5697 ms
26-lug-2008 13.59.09 jlibrtp.RTCPSenderThread run
FINISSIMO: <-> RTCPSenderThread waking up
26-lug-2008 13.59.09 jlibrtp.RTCPSenderThread sendCompRtcpPkt
FINISSIMO: <-> RTCPSenderThread.SendCompRtcpPkt() unicast to /192.168.0.22:8767 class jlibrtp.RtcpPktSR:0, class jlibrtp.RtcpPktSDES:1, 
26-lug-2008 13.59.09 jlibrtp.RTCPSenderThread run
FINISSIMO: <-> RTCPSenderThread sleeping for 5306 ms
26-lug-2008 13.59.14 jlibrtp.RTCPSenderThread run
FINISSIMO: <-> RTCPSenderThread waking up
26-lug-2008 13.59.14 jlibrtp.RTCPSenderThread sendCompRtcpPkt
FINISSIMO: <-> RTCPSenderThread.SendCompRtcpPkt() unicast to /192.168.0.22:8767 class jlibrtp.RtcpPktSR:0, class jlibrtp.RtcpPktSDES:1, 
26-lug-2008 13.59.14 jlibrtp.RTCPSenderThread run
FINISSIMO: <-> RTCPSenderThread sleeping for 5794 ms
26-lug-2008 13.59.20 jlibrtp.RTCPSenderThread run
FINISSIMO: <-> RTCPSenderThread waking up
26-lug-2008 13.59.20 jlibrtp.RTCPSenderThread sendCompRtcpPkt
FINISSIMO: <-> RTCPSenderThread.SendCompRtcpPkt() unicast to /192.168.0.22:8767 class jlibrtp.RtcpPktSR:0, class jlibrtp.RtcpPktSDES:1, 
26-lug-2008 13.59.20 jlibrtp.RTCPSenderThread run
FINISSIMO: <-> RTCPSenderThread sleeping for 5672 ms
26-lug-2008 13.59.25 jlibrtp.RTCPSenderThread run
FINISSIMO: <-> RTCPSenderThread waking up
26-lug-2008 13.59.25 jlibrtp.RTCPSenderThread sendCompRtcpPkt
FINISSIMO: <-> RTCPSenderThread.SendCompRtcpPkt() unicast to /192.168.0.22:8767 class jlibrtp.RtcpPktSR:0, class jlibrtp.RtcpPktSDES:1, 
26-lug-2008 13.59.25 jlibrtp.RTCPSenderThread run
FINISSIMO: <-> RTCPSenderThread sleeping for 5600 ms
26-lug-2008 13.59.31 jlibrtp.RTCPSenderThread run
FINISSIMO: <-> RTCPSenderThread waking up
26-lug-2008 13.59.31 jlibrtp.RTCPSenderThread sendCompRtcpPkt
FINISSIMO: <-> RTCPSenderThread.SendCompRtcpPkt() unicast to /192.168.0.22:8767 class jlibrtp.RtcpPktSR:0, class jlibrtp.RtcpPktSDES:1, 
26-lug-2008 13.59.31 jlibrtp.RTCPSenderThread run
FINISSIMO: <-> RTCPSenderThread sleeping for 5992 ms
26-lug-2008 13.59.37 jlibrtp.RTCPSenderThread run
FINISSIMO: <-> RTCPSenderThread waking up
26-lug-2008 13.59.37 jlibrtp.RTCPSenderThread sendCompRtcpPkt
FINISSIMO: <-> RTCPSenderThread.SendCompRtcpPkt() unicast to /192.168.0.22:8767 class jlibrtp.RtcpPktSR:0, class jlibrtp.RtcpPktSDES:1, 
26-lug-2008 13.59.37 jlibrtp.RTCPSenderThread run
FINISSIMO: <-> RTCPSenderThread sleeping for 5369 ms
26-lug-2008 13.59.42 jlibrtp.RTCPSenderThread run
FINISSIMO: <-> RTCPSenderThread waking up
26-lug-2008 13.59.42 jlibrtp.RTCPSenderThread sendCompRtcpPkt
FINISSIMO: <-> RTCPSenderThread.SendCompRtcpPkt() unicast to /192.168.0.22:8767 class jlibrtp.RtcpPktSR:0, class jlibrtp.RtcpPktSDES:1, 
26-lug-2008 13.59.42 jlibrtp.RTCPSenderThread run
FINISSIMO: <-> RTCPSenderThread sleeping for 5650 ms
26-lug-2008 13.59.48 jlibrtp.RTCPSenderThread run
FINISSIMO: <-> RTCPSenderThread waking up
26-lug-2008 13.59.48 jlibrtp.RTCPSenderThread sendCompRtcpPkt
FINISSIMO: <-> RTCPSenderThread.SendCompRtcpPkt() unicast to /192.168.0.22:8767 class jlibrtp.RtcpPktSR:0, class jlibrtp.RtcpPktSDES:1, 
26-lug-2008 13.59.48 jlibrtp.RTCPSenderThread run
FINISSIMO: <-> RTCPSenderThread sleeping for 5248 ms
26-lug-2008 13.59.53 jlibrtp.RTCPSenderThread run
FINISSIMO: <-> RTCPSenderThread waking up
26-lug-2008 13.59.53 jlibrtp.RTCPSenderThread sendCompRtcpPkt
FINISSIMO: <-> RTCPSenderThread.SendCompRtcpPkt() unicast to /192.168.0.22:8767 class jlibrtp.RtcpPktSR:0, class jlibrtp.RtcpPktSDES:1, 
26-lug-2008 13.59.53 jlibrtp.RTCPSenderThread run
FINISSIMO: <-> RTCPSenderThread sleeping for 5938 ms
26-lug-2008 13.59.59 jlibrtp.RTCPSenderThread run
FINISSIMO: <-> RTCPSenderThread waking up
26-lug-2008 13.59.59 jlibrtp.RTCPSenderThread sendCompRtcpPkt
FINISSIMO: <-> RTCPSenderThread.SendCompRtcpPkt() unicast to /192.168.0.22:8767 class jlibrtp.RtcpPktSR:0, class jlibrtp.RtcpPktSDES:1, 
26-lug-2008 13.59.59 jlibrtp.RTCPSenderThread run
FINISSIMO: <-> RTCPSenderThread sleeping for 5601 ms
26-lug-2008 14.00.05 jlibrtp.RTCPSenderThread run
FINISSIMO: <-> RTCPSenderThread waking up
26-lug-2008 14.00.05 jlibrtp.RTCPSenderThread sendCompRtcpPkt
FINISSIMO: <-> RTCPSenderThread.SendCompRtcpPkt() unicast to /192.168.0.22:8767 class jlibrtp.RtcpPktSR:0, class jlibrtp.RtcpPktSDES:1, 
26-lug-2008 14.00.05 jlibrtp.RTCPSenderThread run
FINISSIMO: <-> RTCPSenderThread sleeping for 5479 ms
26-lug-2008 14.00.10 jlibrtp.RTCPSenderThread run
FINISSIMO: <-> RTCPSenderThread waking up
26-lug-2008 14.00.10 jlibrtp.RTCPSenderThread sendCompRtcpPkt
FINISSIMO: <-> RTCPSenderThread.SendCompRtcpPkt() unicast to /192.168.0.22:8767 class jlibrtp.RtcpPktSR:0, class jlibrtp.RtcpPktSDES:1, 
26-lug-2008 14.00.10 jlibrtp.RTCPSenderThread run
FINISSIMO: <-> RTCPSenderThread sleeping for 5810 ms
26-lug-2008 14.00.16 jlibrtp.RTCPSenderThread run
FINISSIMO: <-> RTCPSenderThread waking up
26-lug-2008 14.00.16 jlibrtp.RTCPSenderThread sendCompRtcpPkt
FINISSIMO: <-> RTCPSenderThread.SendCompRtcpPkt() unicast to /192.168.0.22:8767 class jlibrtp.RtcpPktSR:0, class jlibrtp.RtcpPktSDES:1, 
26-lug-2008 14.00.16 jlibrtp.RTCPSenderThread run
FINISSIMO: <-> RTCPSenderThread sleeping for 5206 ms
26-lug-2008 14.00.21 jlibrtp.RTCPSenderThread run
FINISSIMO: <-> RTCPSenderThread waking up
26-lug-2008 14.00.21 jlibrtp.RTCPSenderThread sendCompRtcpPkt
FINISSIMO: <-> RTCPSenderThread.SendCompRtcpPkt() unicast to /192.168.0.22:8767 class jlibrtp.RtcpPktSR:0, class jlibrtp.RtcpPktSDES:1, 
26-lug-2008 14.00.21 jlibrtp.RTCPSenderThread run
FINISSIMO: <-> RTCPSenderThread sleeping for 5955 ms
26-lug-2008 14.00.27 jlibrtp.RTCPSenderThread run
FINISSIMO: <-> RTCPSenderThread waking up
26-lug-2008 14.00.27 jlibrtp.RTCPSenderThread sendCompRtcpPkt
FINISSIMO: <-> RTCPSenderThread.SendCompRtcpPkt() unicast to /192.168.0.22:8767 class jlibrtp.RtcpPktSR:0, class jlibrtp.RtcpPktSDES:1, 
26-lug-2008 14.00.27 jlibrtp.RTCPSenderThread run
FINISSIMO: <-> RTCPSenderThread sleeping for 5410 ms
26-lug-2008 14.00.33 jlibrtp.RTCPSenderThread run
FINISSIMO: <-> RTCPSenderThread waking up
26-lug-2008 14.00.33 jlibrtp.RTCPSenderThread sendCompRtcpPkt
FINISSIMO: <-> RTCPSenderThread.SendCompRtcpPkt() unicast to /192.168.0.22:8767 class jlibrtp.RtcpPktSR:0, class jlibrtp.RtcpPktSDES:1, 
26-lug-2008 14.00.33 jlibrtp.RTCPSenderThread run
FINISSIMO: <-> RTCPSenderThread sleeping for 5117 ms
26-lug-2008 14.00.38 jlibrtp.RTCPSenderThread run
FINISSIMO: <-> RTCPSenderThread waking up
26-lug-2008 14.00.38 jlibrtp.RTCPSenderThread sendCompRtcpPkt
FINISSIMO: <-> RTCPSenderThread.SendCompRtcpPkt() unicast to /192.168.0.22:8767 class jlibrtp.RtcpPktSR:0, class jlibrtp.RtcpPktSDES:1, 
26-lug-2008 14.00.38 jlibrtp.RTCPSenderThread run
FINISSIMO: <-> RTCPSenderThread sleeping for 5492 ms
26-lug-2008 14.00.38 jlibrtp.RTCPSenderThread run
FINISSIMO: RTCPSenderThread Exception message:sleep interrupted
java.lang.InterruptedException: sleep interrupted
	at java.lang.Thread.sleep(Native Method)
	at jlibrtp.RTCPSenderThread.run(RTCPSenderThread.java:384)
26-lug-2008 14.00.38 jlibrtp.RTCPSenderThread sendCompRtcpPkt
FINISSIMO: <-> RTCPSenderThread.SendCompRtcpPkt() unicast to /192.168.0.22:8767 class jlibrtp.RtcpPktSR:0, class jlibrtp.RtcpPktBYE:1, 
26-lug-2008 14.00.38 jlibrtp.RTCPSenderThread run
FINISSIMO: <-> RTCPSenderThread terminating
26-lug-2008 14.12.43 jlibrtp.RTCPSenderThread <init>
FINISSIMO: <-> RTCPSenderThread created
26-lug-2008 14.12.43 jlibrtp.RTCPSenderThread run
FINISSIMO: <-> RTCPSenderThread running
26-lug-2008 14.12.43 jlibrtp.RTCPSenderThread run
FINISSIMO: <-> RTCPSenderThread sleeping for 2653 ms
26-lug-2008 14.12.46 jlibrtp.RTCPSenderThread run
FINISSIMO: <-> RTCPSenderThread waking up
26-lug-2008 14.12.46 jlibrtp.RTCPSenderThread sendCompRtcpPkt
FINISSIMO: <-> RTCPSenderThread.SendCompRtcpPkt() unicast to /192.168.0.22:8767 class jlibrtp.RtcpPktSR:0, class jlibrtp.RtcpPktSDES:1, 
26-lug-2008 14.12.46 jlibrtp.RTCPSenderThread run
FINISSIMO: <-> RTCPSenderThread sleeping for 5456 ms
26-lug-2008 14.12.52 jlibrtp.RTCPSenderThread run
FINISSIMO: <-> RTCPSenderThread waking up
26-lug-2008 14.12.52 jlibrtp.RTCPSenderThread sendCompRtcpPkt
FINISSIMO: <-> RTCPSenderThread.SendCompRtcpPkt() unicast to /192.168.0.22:8767 class jlibrtp.RtcpPktSR:0, class jlibrtp.RtcpPktSDES:1, 
26-lug-2008 14.12.52 jlibrtp.RTCPSenderThread run
FINISSIMO: <-> RTCPSenderThread sleeping for 5165 ms
26-lug-2008 14.12.57 jlibrtp.RTCPSenderThread run
FINISSIMO: <-> RTCPSenderThread waking up
26-lug-2008 14.12.57 jlibrtp.RTCPSenderThread sendCompRtcpPkt
FINISSIMO: <-> RTCPSenderThread.SendCompRtcpPkt() unicast to /192.168.0.22:8767 class jlibrtp.RtcpPktSR:0, class jlibrtp.RtcpPktSDES:1, 
26-lug-2008 14.12.57 jlibrtp.RTCPSenderThread run
FINISSIMO: <-> RTCPSenderThread sleeping for 5811 ms
26-lug-2008 14.13.02 jlibrtp.RTCPSenderThread run
FINISSIMO: <-> RTCPSenderThread waking up
26-lug-2008 14.13.02 jlibrtp.RTCPSenderThread sendCompRtcpPkt
FINISSIMO: <-> RTCPSenderThread.SendCompRtcpPkt() unicast to /192.168.0.22:8767 class jlibrtp.RtcpPktSR:0, class jlibrtp.RtcpPktSDES:1, 
26-lug-2008 14.13.02 jlibrtp.RTCPSenderThread run
FINISSIMO: <-> RTCPSenderThread sleeping for 5529 ms
26-lug-2008 14.13.08 jlibrtp.RTCPSenderThread run
FINISSIMO: <-> RTCPSenderThread waking up
26-lug-2008 14.13.08 jlibrtp.RTCPSenderThread sendCompRtcpPkt
FINISSIMO: <-> RTCPSenderThread.SendCompRtcpPkt() unicast to /192.168.0.22:8767 class jlibrtp.RtcpPktSR:0, class jlibrtp.RtcpPktSDES:1, 
26-lug-2008 14.13.08 jlibrtp.RTCPSenderThread run
FINISSIMO: <-> RTCPSenderThread sleeping for 5487 ms
26-lug-2008 14.13.11 jlibrtp.RTCPSenderThread run
FINISSIMO: RTCPSenderThread Exception message:sleep interrupted
java.lang.InterruptedException: sleep interrupted
	at java.lang.Thread.sleep(Native Method)
	at jlibrtp.RTCPSenderThread.run(RTCPSenderThread.java:387)
26-lug-2008 14.13.12 jlibrtp.RTCPSenderThread sendCompRtcpPkt
FINISSIMO: <-> RTCPSenderThread.SendCompRtcpPkt() unicast to /192.168.0.22:8767 class jlibrtp.RtcpPktSR:0, class jlibrtp.RtcpPktBYE:1, 
26-lug-2008 14.13.12 jlibrtp.RTCPSenderThread run
FINISSIMO: <-> RTCPSenderThread terminating
26-lug-2008 14.13.18 jlibrtp.RTCPSenderThread <init>
FINISSIMO: <-> RTCPSenderThread created
26-lug-2008 14.13.18 jlibrtp.RTCPSenderThread run
FINISSIMO: <-> RTCPSenderThread running
26-lug-2008 14.13.18 jlibrtp.RTCPSenderThread run
FINISSIMO: <-> RTCPSenderThread sleeping for 2909 ms
26-lug-2008 14.13.21 jlibrtp.RTCPSenderThread run
FINISSIMO: <-> RTCPSenderThread waking up
26-lug-2008 14.13.21 jlibrtp.RTCPSenderThread sendCompRtcpPkt
FINISSIMO: <-> RTCPSenderThread.SendCompRtcpPkt() unicast to /10.0.0.100:8767 class jlibrtp.RtcpPktSR:0, class jlibrtp.RtcpPktSDES:1, 
26-lug-2008 14.13.21 jlibrtp.RTCPSenderThread run
FINISSIMO: <-> RTCPSenderThread sleeping for 5545 ms
26-lug-2008 14.13.27 jlibrtp.RTCPSenderThread run
FINISSIMO: <-> RTCPSenderThread waking up
26-lug-2008 14.13.27 jlibrtp.RTCPSenderThread sendCompRtcpPkt
FINISSIMO: <-> RTCPSenderThread.SendCompRtcpPkt() unicast to /10.0.0.100:8767 class jlibrtp.RtcpPktSR:0, class jlibrtp.RtcpPktSDES:1, 
26-lug-2008 14.13.27 jlibrtp.RTCPSenderThread run
FINISSIMO: <-> RTCPSenderThread sleeping for 5218 ms
26-lug-2008 14.13.32 jlibrtp.RTCPSenderThread run
FINISSIMO: <-> RTCPSenderThread waking up
26-lug-2008 14.13.32 jlibrtp.RTCPSenderThread sendCompRtcpPkt
FINISSIMO: <-> RTCPSenderThread.SendCompRtcpPkt() unicast to /10.0.0.100:8767 class jlibrtp.RtcpPktSR:0, class jlibrtp.RtcpPktSDES:1, 
26-lug-2008 14.13.32 jlibrtp.RTCPSenderThread run
FINISSIMO: <-> RTCPSenderThread sleeping for 5283 ms
26-lug-2008 14.13.37 jlibrtp.RTCPSenderThread run
FINISSIMO: <-> RTCPSenderThread waking up
26-lug-2008 14.13.37 jlibrtp.RTCPSenderThread sendCompRtcpPkt
FINISSIMO: <-> RTCPSenderThread.SendCompRtcpPkt() unicast to /10.0.0.100:8767 class jlibrtp.RtcpPktSR:0, class jlibrtp.RtcpPktSDES:1, 
26-lug-2008 14.13.37 jlibrtp.RTCPSenderThread run
FINISSIMO: <-> RTCPSenderThread sleeping for 5102 ms
26-lug-2008 14.13.42 jlibrtp.RTCPSenderThread run
FINISSIMO: RTCPSenderThread Exception message:sleep interrupted
java.lang.InterruptedException: sleep interrupted
	at java.lang.Thread.sleep(Native Method)
	at jlibrtp.RTCPSenderThread.run(RTCPSenderThread.java:387)
26-lug-2008 14.13.42 jlibrtp.RTCPSenderThread sendCompRtcpPkt
FINISSIMO: <-> RTCPSenderThread.SendCompRtcpPkt() unicast to /10.0.0.100:8767 class jlibrtp.RtcpPktSR:0, class jlibrtp.RtcpPktBYE:1, 
26-lug-2008 14.13.42 jlibrtp.RTCPSenderThread run
FINISSIMO: <-> RTCPSenderThread terminating
26-lug-2008 14.17.42 jlibrtp.RTCPSenderThread <init>
FINISSIMO: <-> RTCPSenderThread created
26-lug-2008 14.17.42 jlibrtp.RTCPSenderThread run
FINISSIMO: <-> RTCPSenderThread running
26-lug-2008 14.17.42 jlibrtp.RTCPSenderThread run
FINISSIMO: <-> RTCPSenderThread sleeping for 3451 ms
26-lug-2008 14.17.45 jlibrtp.RTCPSenderThread run
FINISSIMO: <-> RTCPSenderThread waking up
26-lug-2008 14.17.45 jlibrtp.RTCPSenderThread sendCompRtcpPkt
FINISSIMO: <-> RTCPSenderThread.SendCompRtcpPkt() unicast to /10.0.0.100:8767 class jlibrtp.RtcpPktSR:0, class jlibrtp.RtcpPktRR:1, class jlibrtp.RtcpPktSDES:1, 
26-lug-2008 14.17.45 jlibrtp.RTCPSenderThread run
FINISSIMO: <-> RTCPSenderThread sleeping for 5635 ms
26-lug-2008 14.17.51 jlibrtp.RTCPSenderThread run
FINISSIMO: <-> RTCPSenderThread waking up
26-lug-2008 14.17.51 jlibrtp.RTCPSenderThread sendCompRtcpPkt
FINISSIMO: <-> RTCPSenderThread.SendCompRtcpPkt() unicast to /10.0.0.100:8767 class jlibrtp.RtcpPktSR:0, class jlibrtp.RtcpPktRR:1, class jlibrtp.RtcpPktSDES:1, 
26-lug-2008 14.17.51 jlibrtp.RTCPSenderThread run
FINISSIMO: <-> RTCPSenderThread sleeping for 5814 ms
26-lug-2008 14.17.57 jlibrtp.RTCPSenderThread run
FINISSIMO: <-> RTCPSenderThread waking up
26-lug-2008 14.17.57 jlibrtp.RTCPSenderThread sendCompRtcpPkt
FINISSIMO: <-> RTCPSenderThread.SendCompRtcpPkt() unicast to /10.0.0.100:8767 class jlibrtp.RtcpPktSR:0, class jlibrtp.RtcpPktRR:1, class jlibrtp.RtcpPktSDES:1, 
26-lug-2008 14.17.57 jlibrtp.RTCPSenderThread run
FINISSIMO: <-> RTCPSenderThread sleeping for 5999 ms
26-lug-2008 14.18.03 jlibrtp.RTCPSenderThread run
FINISSIMO: <-> RTCPSenderThread waking up
26-lug-2008 14.18.03 jlibrtp.RTCPSenderThread sendCompRtcpPkt
FINISSIMO: <-> RTCPSenderThread.SendCompRtcpPkt() unicast to /10.0.0.100:8767 class jlibrtp.RtcpPktSR:0, class jlibrtp.RtcpPktRR:1, class jlibrtp.RtcpPktSDES:1, 
26-lug-2008 14.18.03 jlibrtp.RTCPSenderThread run
FINISSIMO: <-> RTCPSenderThread sleeping for 5996 ms
26-lug-2008 14.18.09 jlibrtp.RTCPSenderThread run
FINISSIMO: <-> RTCPSenderThread waking up
26-lug-2008 14.18.09 jlibrtp.RTCPSenderThread sendCompRtcpPkt
FINISSIMO: <-> RTCPSenderThread.SendCompRtcpPkt() unicast to /10.0.0.100:8767 class jlibrtp.RtcpPktSR:0, class jlibrtp.RtcpPktRR:1, class jlibrtp.RtcpPktSDES:1, 
26-lug-2008 14.18.09 jlibrtp.RTCPSenderThread run
FINISSIMO: <-> RTCPSenderThread sleeping for 5184 ms
26-lug-2008 14.18.14 jlibrtp.RTCPSenderThread run
FINISSIMO: <-> RTCPSenderThread waking up
26-lug-2008 14.18.14 jlibrtp.RTCPSenderThread sendCompRtcpPkt
FINISSIMO: <-> RTCPSenderThread.SendCompRtcpPkt() unicast to /10.0.0.100:8767 class jlibrtp.RtcpPktSR:0, class jlibrtp.RtcpPktRR:1, class jlibrtp.RtcpPktSDES:1, 
26-lug-2008 14.18.14 jlibrtp.RTCPSenderThread run
FINISSIMO: <-> RTCPSenderThread sleeping for 5968 ms
26-lug-2008 14.18.20 jlibrtp.RTCPSenderThread run
FINISSIMO: <-> RTCPSenderThread waking up
26-lug-2008 14.18.20 jlibrtp.RTCPSenderThread sendCompRtcpPkt
FINISSIMO: <-> RTCPSenderThread.SendCompRtcpPkt() unicast to /10.0.0.100:8767 class jlibrtp.RtcpPktSR:0, class jlibrtp.RtcpPktRR:1, class jlibrtp.RtcpPktSDES:1, 
26-lug-2008 14.18.20 jlibrtp.RTCPSenderThread run
FINISSIMO: <-> RTCPSenderThread sleeping for 5526 ms
26-lug-2008 14.18.25 jlibrtp.RTCPSenderThread run
FINISSIMO: <-> RTCPSenderThread waking up
26-lug-2008 14.18.25 jlibrtp.RTCPSenderThread sendCompRtcpPkt
FINISSIMO: <-> RTCPSenderThread.SendCompRtcpPkt() unicast to /10.0.0.100:8767 class jlibrtp.RtcpPktSR:0, class jlibrtp.RtcpPktRR:1, class jlibrtp.RtcpPktSDES:1, 
26-lug-2008 14.18.25 jlibrtp.RTCPSenderThread run
FINISSIMO: <-> RTCPSenderThread sleeping for 5524 ms
26-lug-2008 14.18.31 jlibrtp.RTCPSenderThread run
FINISSIMO: <-> RTCPSenderThread waking up
26-lug-2008 14.18.31 jlibrtp.RTCPSenderThread sendCompRtcpPkt
FINISSIMO: <-> RTCPSenderThread.SendCompRtcpPkt() unicast to /10.0.0.100:8767 class jlibrtp.RtcpPktSR:0, class jlibrtp.RtcpPktRR:1, class jlibrtp.RtcpPktSDES:1, 
26-lug-2008 14.18.31 jlibrtp.RTCPSenderThread run
FINISSIMO: <-> RTCPSenderThread sleeping for 5252 ms
26-lug-2008 14.18.36 jlibrtp.RTCPSenderThread run
FINISSIMO: <-> RTCPSenderThread waking up
26-lug-2008 14.18.36 jlibrtp.RTCPSenderThread sendCompRtcpPkt
FINISSIMO: <-> RTCPSenderThread.SendCompRtcpPkt() unicast to /10.0.0.100:8767 class jlibrtp.RtcpPktSR:0, class jlibrtp.RtcpPktRR:1, class jlibrtp.RtcpPktSDES:1, 
26-lug-2008 14.18.36 jlibrtp.RTCPSenderThread run
FINISSIMO: <-> RTCPSenderThread sleeping for 5670 ms
26-lug-2008 14.18.42 jlibrtp.RTCPSenderThread run
FINISSIMO: <-> RTCPSenderThread waking up
26-lug-2008 14.18.42 jlibrtp.RTCPSenderThread sendCompRtcpPkt
FINISSIMO: <-> RTCPSenderThread.SendCompRtcpPkt() unicast to /10.0.0.100:8767 class jlibrtp.RtcpPktSR:0, class jlibrtp.RtcpPktRR:1, class jlibrtp.RtcpPktSDES:1, 
26-lug-2008 14.18.42 jlibrtp.RTCPSenderThread run
FINISSIMO: <-> RTCPSenderThread sleeping for 5328 ms
26-lug-2008 14.18.47 jlibrtp.RTCPSenderThread run
FINISSIMO: <-> RTCPSenderThread waking up
26-lug-2008 14.18.47 jlibrtp.RTCPSenderThread sendCompRtcpPkt
FINISSIMO: <-> RTCPSenderThread.SendCompRtcpPkt() unicast to /10.0.0.100:8767 class jlibrtp.RtcpPktSR:0, class jlibrtp.RtcpPktRR:1, class jlibrtp.RtcpPktSDES:1, 
26-lug-2008 14.18.47 jlibrtp.RTCPSenderThread run
FINISSIMO: <-> RTCPSenderThread sleeping for 5539 ms
26-lug-2008 14.18.53 jlibrtp.RTCPSenderThread run
FINISSIMO: <-> RTCPSenderThread waking up
26-lug-2008 14.18.53 jlibrtp.RTCPSenderThread sendCompRtcpPkt
FINISSIMO: <-> RTCPSenderThread.SendCompRtcpPkt() unicast to /10.0.0.100:8767 class jlibrtp.RtcpPktSR:0, class jlibrtp.RtcpPktRR:1, class jlibrtp.RtcpPktSDES:1, 
26-lug-2008 14.18.53 jlibrtp.RTCPSenderThread run
FINISSIMO: <-> RTCPSenderThread sleeping for 5564 ms
26-lug-2008 14.18.58 jlibrtp.RTCPSenderThread run
FINISSIMO: <-> RTCPSenderThread waking up
26-lug-2008 14.18.58 jlibrtp.RTCPSenderThread sendCompRtcpPkt
FINISSIMO: <-> RTCPSenderThread.SendCompRtcpPkt() unicast to /10.0.0.100:8767 class jlibrtp.RtcpPktSR:0, class jlibrtp.RtcpPktRR:1, class jlibrtp.RtcpPktSDES:1, 
26-lug-2008 14.18.58 jlibrtp.RTCPSenderThread run
FINISSIMO: <-> RTCPSenderThread sleeping for 5866 ms
26-lug-2008 14.19.04 jlibrtp.RTCPSenderThread run
FINISSIMO: <-> RTCPSenderThread waking up
26-lug-2008 14.19.04 jlibrtp.RTCPSenderThread sendCompRtcpPkt
FINISSIMO: <-> RTCPSenderThread.SendCompRtcpPkt() unicast to /10.0.0.100:8767 class jlibrtp.RtcpPktSR:0, class jlibrtp.RtcpPktRR:1, class jlibrtp.RtcpPktSDES:1, 
26-lug-2008 14.19.04 jlibrtp.RTCPSenderThread run
FINISSIMO: <-> RTCPSenderThread sleeping for 5844 ms
26-lug-2008 14.19.10 jlibrtp.RTCPSenderThread run
FINISSIMO: <-> RTCPSenderThread waking up
26-lug-2008 14.19.10 jlibrtp.RTCPSenderThread sendCompRtcpPkt
FINISSIMO: <-> RTCPSenderThread.SendCompRtcpPkt() unicast to /10.0.0.100:8767 class jlibrtp.RtcpPktSR:0, class jlibrtp.RtcpPktRR:1, class jlibrtp.RtcpPktSDES:1, 
26-lug-2008 14.19.10 jlibrtp.RTCPSenderThread run
FINISSIMO: <-> RTCPSenderThread sleeping for 5265 ms
26-lug-2008 14.19.15 jlibrtp.RTCPSenderThread run
FINISSIMO: <-> RTCPSenderThread waking up
26-lug-2008 14.19.15 jlibrtp.RTCPSenderThread sendCompRtcpPkt
FINISSIMO: <-> RTCPSenderThread.SendCompRtcpPkt() unicast to /10.0.0.100:8767 class jlibrtp.RtcpPktSR:0, class jlibrtp.RtcpPktRR:1, class jlibrtp.RtcpPktSDES:1, 
26-lug-2008 14.19.15 jlibrtp.RTCPSenderThread run
FINISSIMO: <-> RTCPSenderThread sleeping for 5759 ms
26-lug-2008 14.19.21 jlibrtp.RTCPSenderThread run
FINISSIMO: <-> RTCPSenderThread waking up
26-lug-2008 14.19.21 jlibrtp.RTCPSenderThread sendCompRtcpPkt
FINISSIMO: <-> RTCPSenderThread.SendCompRtcpPkt() unicast to /10.0.0.100:8767 class jlibrtp.RtcpPktSR:0, class jlibrtp.RtcpPktRR:1, class jlibrtp.RtcpPktSDES:1, 
26-lug-2008 14.19.21 jlibrtp.RTCPSenderThread run
FINISSIMO: <-> RTCPSenderThread sleeping for 5167 ms
26-lug-2008 14.19.26 jlibrtp.RTCPSenderThread run
FINISSIMO: <-> RTCPSenderThread waking up
26-lug-2008 14.19.26 jlibrtp.RTCPSenderThread sendCompRtcpPkt
FINISSIMO: <-> RTCPSenderThread.SendCompRtcpPkt() unicast to /10.0.0.100:8767 class jlibrtp.RtcpPktSR:0, class jlibrtp.RtcpPktRR:1, class jlibrtp.RtcpPktSDES:1, 
26-lug-2008 14.19.26 jlibrtp.RTCPSenderThread run
FINISSIMO: <-> RTCPSenderThread sleeping for 5213 ms
26-lug-2008 14.19.31 jlibrtp.RTCPSenderThread run
FINISSIMO: <-> RTCPSenderThread waking up
26-lug-2008 14.19.31 jlibrtp.RTCPSenderThread sendCompRtcpPkt
FINISSIMO: <-> RTCPSenderThread.SendCompRtcpPkt() unicast to /10.0.0.100:8767 class jlibrtp.RtcpPktSR:0, class jlibrtp.RtcpPktRR:1, class jlibrtp.RtcpPktSDES:1, 
26-lug-2008 14.19.31 jlibrtp.RTCPSenderThread run
FINISSIMO: <-> RTCPSenderThread sleeping for 5792 ms
26-lug-2008 14.19.37 jlibrtp.RTCPSenderThread run
FINISSIMO: <-> RTCPSenderThread waking up
26-lug-2008 14.19.37 jlibrtp.RTCPSenderThread sendCompRtcpPkt
FINISSIMO: <-> RTCPSenderThread.SendCompRtcpPkt() unicast to /10.0.0.100:8767 class jlibrtp.RtcpPktSR:0, class jlibrtp.RtcpPktRR:1, class jlibrtp.RtcpPktSDES:1, 
26-lug-2008 14.19.37 jlibrtp.RTCPSenderThread run
FINISSIMO: <-> RTCPSenderThread sleeping for 5346 ms
26-lug-2008 14.19.42 jlibrtp.RTCPSenderThread run
FINISSIMO: <-> RTCPSenderThread waking up
26-lug-2008 14.19.42 jlibrtp.RTCPSenderThread sendCompRtcpPkt
FINISSIMO: <-> RTCPSenderThread.SendCompRtcpPkt() unicast to /10.0.0.100:8767 class jlibrtp.RtcpPktSR:0, class jlibrtp.RtcpPktRR:1, class jlibrtp.RtcpPktSDES:1, 
26-lug-2008 14.19.42 jlibrtp.RTCPSenderThread run
FINISSIMO: <-> RTCPSenderThread sleeping for 5020 ms
26-lug-2008 14.19.47 jlibrtp.RTCPSenderThread run
FINISSIMO: <-> RTCPSenderThread waking up
26-lug-2008 14.19.47 jlibrtp.RTCPSenderThread sendCompRtcpPkt
FINISSIMO: <-> RTCPSenderThread.SendCompRtcpPkt() unicast to /10.0.0.100:8767 class jlibrtp.RtcpPktSR:0, class jlibrtp.RtcpPktRR:1, class jlibrtp.RtcpPktSDES:1, 
26-lug-2008 14.19.47 jlibrtp.RTCPSenderThread run
FINISSIMO: <-> RTCPSenderThread sleeping for 5047 ms
26-lug-2008 14.19.53 jlibrtp.RTCPSenderThread run
FINISSIMO: <-> RTCPSenderThread waking up
26-lug-2008 14.19.53 jlibrtp.RTCPSenderThread sendCompRtcpPkt
FINISSIMO: <-> RTCPSenderThread.SendCompRtcpPkt() unicast to /10.0.0.100:8767 class jlibrtp.RtcpPktSR:0, class jlibrtp.RtcpPktRR:1, class jlibrtp.RtcpPktSDES:1, 
26-lug-2008 14.19.53 jlibrtp.RTCPSenderThread run
FINISSIMO: <-> RTCPSenderThread sleeping for 5422 ms
26-lug-2008 14.19.58 jlibrtp.RTCPSenderThread run
FINISSIMO: <-> RTCPSenderThread waking up
26-lug-2008 14.19.58 jlibrtp.RTCPSenderThread sendCompRtcpPkt
FINISSIMO: <-> RTCPSenderThread.SendCompRtcpPkt() unicast to /10.0.0.100:8767 class jlibrtp.RtcpPktSR:0, class jlibrtp.RtcpPktRR:1, class jlibrtp.RtcpPktSDES:1, 
26-lug-2008 14.19.58 jlibrtp.RTCPSenderThread run
FINISSIMO: <-> RTCPSenderThread sleeping for 5178 ms
26-lug-2008 14.20.03 jlibrtp.RTCPSenderThread run
FINISSIMO: <-> RTCPSenderThread waking up
26-lug-2008 14.20.03 jlibrtp.RTCPSenderThread sendCompRtcpPkt
FINISSIMO: <-> RTCPSenderThread.SendCompRtcpPkt() unicast to /10.0.0.100:8767 class jlibrtp.RtcpPktSR:0, class jlibrtp.RtcpPktRR:1, class jlibrtp.RtcpPktSDES:1, 
26-lug-2008 14.20.03 jlibrtp.RTCPSenderThread run
FINISSIMO: <-> RTCPSenderThread sleeping for 5269 ms
26-lug-2008 14.20.08 jlibrtp.RTCPSenderThread run
FINISSIMO: <-> RTCPSenderThread waking up
26-lug-2008 14.20.08 jlibrtp.RTCPSenderThread sendCompRtcpPkt
FINISSIMO: <-> RTCPSenderThread.SendCompRtcpPkt() unicast to /10.0.0.100:8767 class jlibrtp.RtcpPktSR:0, class jlibrtp.RtcpPktRR:1, class jlibrtp.RtcpPktSDES:1, 
26-lug-2008 14.20.08 jlibrtp.RTCPSenderThread run
FINISSIMO: <-> RTCPSenderThread sleeping for 5511 ms
26-lug-2008 14.20.14 jlibrtp.RTCPSenderThread run
FINISSIMO: <-> RTCPSenderThread waking up
26-lug-2008 14.20.14 jlibrtp.RTCPSenderThread sendCompRtcpPkt
FINISSIMO: <-> RTCPSenderThread.SendCompRtcpPkt() unicast to /10.0.0.100:8767 class jlibrtp.RtcpPktSR:0, class jlibrtp.RtcpPktRR:1, class jlibrtp.RtcpPktSDES:1, 
26-lug-2008 14.20.14 jlibrtp.RTCPSenderThread run
FINISSIMO: <-> RTCPSenderThread sleeping for 5159 ms
26-lug-2008 14.20.19 jlibrtp.RTCPSenderThread run
FINISSIMO: <-> RTCPSenderThread waking up
26-lug-2008 14.20.19 jlibrtp.RTCPSenderThread sendCompRtcpPkt
FINISSIMO: <-> RTCPSenderThread.SendCompRtcpPkt() unicast to /10.0.0.100:8767 class jlibrtp.RtcpPktSR:0, class jlibrtp.RtcpPktRR:1, class jlibrtp.RtcpPktSDES:1, 
26-lug-2008 14.20.19 jlibrtp.RTCPSenderThread run
FINISSIMO: <-> RTCPSenderThread sleeping for 5240 ms
26-lug-2008 14.20.24 jlibrtp.RTCPSenderThread run
FINISSIMO: <-> RTCPSenderThread waking up
26-lug-2008 14.20.24 jlibrtp.RTCPSenderThread sendCompRtcpPkt
FINISSIMO: <-> RTCPSenderThread.SendCompRtcpPkt() unicast to /10.0.0.100:8767 class jlibrtp.RtcpPktSR:0, class jlibrtp.RtcpPktRR:1, class jlibrtp.RtcpPktSDES:1, 
26-lug-2008 14.20.24 jlibrtp.RTCPSenderThread run
FINISSIMO: <-> RTCPSenderThread sleeping for 5823 ms
26-lug-2008 14.20.30 jlibrtp.RTCPSenderThread run
FINISSIMO: <-> RTCPSenderThread waking up
26-lug-2008 14.20.30 jlibrtp.RTCPSenderThread sendCompRtcpPkt
FINISSIMO: <-> RTCPSenderThread.SendCompRtcpPkt() unicast to /10.0.0.100:8767 class jlibrtp.RtcpPktSR:0, class jlibrtp.RtcpPktRR:1, class jlibrtp.RtcpPktSDES:1, 
26-lug-2008 14.20.30 jlibrtp.RTCPSenderThread run
FINISSIMO: <-> RTCPSenderThread sleeping for 5572 ms
26-lug-2008 14.20.36 jlibrtp.RTCPSenderThread run
FINISSIMO: <-> RTCPSenderThread waking up
26-lug-2008 14.20.36 jlibrtp.RTCPSenderThread sendCompRtcpPkt
FINISSIMO: <-> RTCPSenderThread.SendCompRtcpPkt() unicast to /10.0.0.100:8767 class jlibrtp.RtcpPktSR:0, class jlibrtp.RtcpPktRR:1, class jlibrtp.RtcpPktSDES:1, 
26-lug-2008 14.20.36 jlibrtp.RTCPSenderThread run
FINISSIMO: <-> RTCPSenderThread sleeping for 5811 ms
26-lug-2008 14.20.42 jlibrtp.RTCPSenderThread run
FINISSIMO: <-> RTCPSenderThread waking up
26-lug-2008 14.20.42 jlibrtp.RTCPSenderThread sendCompRtcpPkt
FINISSIMO: <-> RTCPSenderThread.SendCompRtcpPkt() unicast to /10.0.0.100:8767 class jlibrtp.RtcpPktSR:0, class jlibrtp.RtcpPktRR:1, class jlibrtp.RtcpPktSDES:1, 
26-lug-2008 14.20.42 jlibrtp.RTCPSenderThread run
FINISSIMO: <-> RTCPSenderThread sleeping for 5950 ms
26-lug-2008 14.20.47 jlibrtp.RTCPSenderThread run
FINISSIMO: <-> RTCPSenderThread waking up
26-lug-2008 14.20.47 jlibrtp.RTCPSenderThread sendCompRtcpPkt
FINISSIMO: <-> RTCPSenderThread.SendCompRtcpPkt() unicast to /10.0.0.100:8767 class jlibrtp.RtcpPktSR:0, class jlibrtp.RtcpPktRR:1, class jlibrtp.RtcpPktSDES:1, 
26-lug-2008 14.20.47 jlibrtp.RTCPSenderThread run
FINISSIMO: <-> RTCPSenderThread sleeping for 5982 ms
26-lug-2008 14.20.53 jlibrtp.RTCPSenderThread run
FINISSIMO: <-> RTCPSenderThread waking up
26-lug-2008 14.20.53 jlibrtp.RTCPSenderThread sendCompRtcpPkt
FINISSIMO: <-> RTCPSenderThread.SendCompRtcpPkt() unicast to /10.0.0.100:8767 class jlibrtp.RtcpPktSR:0, class jlibrtp.RtcpPktRR:1, class jlibrtp.RtcpPktSDES:1, 
26-lug-2008 14.20.53 jlibrtp.RTCPSenderThread run
FINISSIMO: <-> RTCPSenderThread sleeping for 5753 ms
26-lug-2008 14.20.59 jlibrtp.RTCPSenderThread run
FINISSIMO: <-> RTCPSenderThread waking up
26-lug-2008 14.20.59 jlibrtp.RTCPSenderThread sendCompRtcpPkt
FINISSIMO: <-> RTCPSenderThread.SendCompRtcpPkt() unicast to /10.0.0.100:8767 class jlibrtp.RtcpPktSR:0, class jlibrtp.RtcpPktRR:1, class jlibrtp.RtcpPktSDES:1, 
26-lug-2008 14.20.59 jlibrtp.RTCPSenderThread run
FINISSIMO: <-> RTCPSenderThread sleeping for 5287 ms
26-lug-2008 14.21.05 jlibrtp.RTCPSenderThread run
FINISSIMO: <-> RTCPSenderThread waking up
26-lug-2008 14.21.05 jlibrtp.RTCPSenderThread sendCompRtcpPkt
FINISSIMO: <-> RTCPSenderThread.SendCompRtcpPkt() unicast to /10.0.0.100:8767 class jlibrtp.RtcpPktSR:0, class jlibrtp.RtcpPktRR:1, class jlibrtp.RtcpPktSDES:1, 
26-lug-2008 14.21.05 jlibrtp.RTCPSenderThread run
FINISSIMO: <-> RTCPSenderThread sleeping for 5736 ms
26-lug-2008 14.21.10 jlibrtp.RTCPSenderThread run
FINISSIMO: <-> RTCPSenderThread waking up
26-lug-2008 14.21.10 jlibrtp.RTCPSenderThread sendCompRtcpPkt
FINISSIMO: <-> RTCPSenderThread.SendCompRtcpPkt() unicast to /10.0.0.100:8767 class jlibrtp.RtcpPktSR:0, class jlibrtp.RtcpPktRR:1, class jlibrtp.RtcpPktSDES:1, 
26-lug-2008 14.21.10 jlibrtp.RTCPSenderThread run
FINISSIMO: <-> RTCPSenderThread sleeping for 5141 ms
26-lug-2008 14.21.15 jlibrtp.RTCPSenderThread run
FINISSIMO: <-> RTCPSenderThread waking up
26-lug-2008 14.21.15 jlibrtp.RTCPSenderThread sendCompRtcpPkt
FINISSIMO: <-> RTCPSenderThread.SendCompRtcpPkt() unicast to /10.0.0.100:8767 class jlibrtp.RtcpPktSR:0, class jlibrtp.RtcpPktRR:1, class jlibrtp.RtcpPktSDES:1, 
26-lug-2008 14.21.15 jlibrtp.RTCPSenderThread run
FINISSIMO: <-> RTCPSenderThread sleeping for 5124 ms
26-lug-2008 14.21.21 jlibrtp.RTCPSenderThread run
FINISSIMO: <-> RTCPSenderThread waking up
26-lug-2008 14.21.21 jlibrtp.RTCPSenderThread sendCompRtcpPkt
FINISSIMO: <-> RTCPSenderThread.SendCompRtcpPkt() unicast to /10.0.0.100:8767 class jlibrtp.RtcpPktSR:0, class jlibrtp.RtcpPktRR:1, class jlibrtp.RtcpPktSDES:1, 
26-lug-2008 14.21.21 jlibrtp.RTCPSenderThread run
FINISSIMO: <-> RTCPSenderThread sleeping for 5491 ms
26-lug-2008 14.21.26 jlibrtp.RTCPSenderThread run
FINISSIMO: <-> RTCPSenderThread waking up
26-lug-2008 14.21.26 jlibrtp.RTCPSenderThread sendCompRtcpPkt
FINISSIMO: <-> RTCPSenderThread.SendCompRtcpPkt() unicast to /10.0.0.100:8767 class jlibrtp.RtcpPktSR:0, class jlibrtp.RtcpPktRR:1, class jlibrtp.RtcpPktSDES:1, 
26-lug-2008 14.21.26 jlibrtp.RTCPSenderThread run
FINISSIMO: <-> RTCPSenderThread sleeping for 5438 ms
26-lug-2008 14.21.31 jlibrtp.RTCPSenderThread run
FINISSIMO: <-> RTCPSenderThread waking up
26-lug-2008 14.21.31 jlibrtp.RTCPSenderThread sendCompRtcpPkt
FINISSIMO: <-> RTCPSenderThread.SendCompRtcpPkt() unicast to /10.0.0.100:8767 class jlibrtp.RtcpPktSR:0, class jlibrtp.RtcpPktRR:1, class jlibrtp.RtcpPktSDES:1, 
26-lug-2008 14.21.31 jlibrtp.RTCPSenderThread run
FINISSIMO: <-> RTCPSenderThread sleeping for 5128 ms
26-lug-2008 14.21.37 jlibrtp.RTCPSenderThread run
FINISSIMO: <-> RTCPSenderThread waking up
26-lug-2008 14.21.37 jlibrtp.RTCPSenderThread sendCompRtcpPkt
FINISSIMO: <-> RTCPSenderThread.SendCompRtcpPkt() unicast to /10.0.0.100:8767 class jlibrtp.RtcpPktSR:0, class jlibrtp.RtcpPktRR:1, class jlibrtp.RtcpPktSDES:1, 
26-lug-2008 14.21.37 jlibrtp.RTCPSenderThread run
FINISSIMO: <-> RTCPSenderThread sleeping for 5160 ms
26-lug-2008 14.21.42 jlibrtp.RTCPSenderThread run
FINISSIMO: <-> RTCPSenderThread waking up
26-lug-2008 14.21.42 jlibrtp.RTCPSenderThread sendCompRtcpPkt
FINISSIMO: <-> RTCPSenderThread.SendCompRtcpPkt() unicast to /10.0.0.100:8767 class jlibrtp.RtcpPktSR:0, class jlibrtp.RtcpPktRR:1, class jlibrtp.RtcpPktSDES:1, 
26-lug-2008 14.21.42 jlibrtp.RTCPSenderThread run
FINISSIMO: <-> RTCPSenderThread sleeping for 5151 ms
26-lug-2008 14.21.47 jlibrtp.RTCPSenderThread run
FINISSIMO: <-> RTCPSenderThread waking up
26-lug-2008 14.21.47 jlibrtp.RTCPSenderThread sendCompRtcpPkt
FINISSIMO: <-> RTCPSenderThread.SendCompRtcpPkt() unicast to /10.0.0.100:8767 class jlibrtp.RtcpPktSR:0, class jlibrtp.RtcpPktRR:1, class jlibrtp.RtcpPktSDES:1, 
26-lug-2008 14.21.47 jlibrtp.RTCPSenderThread run
FINISSIMO: <-> RTCPSenderThread sleeping for 5286 ms
26-lug-2008 14.21.52 jlibrtp.RTCPSenderThread run
FINISSIMO: <-> RTCPSenderThread waking up
26-lug-2008 14.21.52 jlibrtp.RTCPSenderThread sendCompRtcpPkt
FINISSIMO: <-> RTCPSenderThread.SendCompRtcpPkt() unicast to /10.0.0.100:8767 class jlibrtp.RtcpPktSR:0, class jlibrtp.RtcpPktRR:1, class jlibrtp.RtcpPktSDES:1, 
26-lug-2008 14.21.52 jlibrtp.RTCPSenderThread run
FINISSIMO: <-> RTCPSenderThread sleeping for 5225 ms
26-lug-2008 14.21.57 jlibrtp.RTCPSenderThread run
FINISSIMO: <-> RTCPSenderThread waking up
26-lug-2008 14.21.57 jlibrtp.RTCPSenderThread sendCompRtcpPkt
FINISSIMO: <-> RTCPSenderThread.SendCompRtcpPkt() unicast to /10.0.0.100:8767 class jlibrtp.RtcpPktSR:0, class jlibrtp.RtcpPktRR:1, class jlibrtp.RtcpPktSDES:1, 
26-lug-2008 14.21.57 jlibrtp.RTCPSenderThread run
FINISSIMO: <-> RTCPSenderThread sleeping for 5735 ms
26-lug-2008 14.22.03 jlibrtp.RTCPSenderThread run
FINISSIMO: <-> RTCPSenderThread waking up
26-lug-2008 14.22.03 jlibrtp.RTCPSenderThread sendCompRtcpPkt
FINISSIMO: <-> RTCPSenderThread.SendCompRtcpPkt() unicast to /10.0.0.100:8767 class jlibrtp.RtcpPktSR:0, class jlibrtp.RtcpPktRR:1, class jlibrtp.RtcpPktSDES:1, 
26-lug-2008 14.22.03 jlibrtp.RTCPSenderThread run
FINISSIMO: <-> RTCPSenderThread sleeping for 5723 ms
26-lug-2008 14.22.09 jlibrtp.RTCPSenderThread run
FINISSIMO: <-> RTCPSenderThread waking up
26-lug-2008 14.22.09 jlibrtp.RTCPSenderThread sendCompRtcpPkt
FINISSIMO: <-> RTCPSenderThread.SendCompRtcpPkt() unicast to /10.0.0.100:8767 class jlibrtp.RtcpPktSR:0, class jlibrtp.RtcpPktRR:1, class jlibrtp.RtcpPktSDES:1, 
26-lug-2008 14.22.09 jlibrtp.RTCPSenderThread run
FINISSIMO: <-> RTCPSenderThread sleeping for 5310 ms
26-lug-2008 14.22.14 jlibrtp.RTCPSenderThread run
FINISSIMO: <-> RTCPSenderThread waking up
26-lug-2008 14.22.14 jlibrtp.RTCPSenderThread sendCompRtcpPkt
FINISSIMO: <-> RTCPSenderThread.SendCompRtcpPkt() unicast to /10.0.0.100:8767 class jlibrtp.RtcpPktSR:0, class jlibrtp.RtcpPktRR:1, class jlibrtp.RtcpPktSDES:1, 
26-lug-2008 14.22.14 jlibrtp.RTCPSenderThread run
FINISSIMO: <-> RTCPSenderThread sleeping for 5054 ms
26-lug-2008 14.22.19 jlibrtp.RTCPSenderThread run
FINISSIMO: <-> RTCPSenderThread waking up
26-lug-2008 14.22.19 jlibrtp.RTCPSenderThread sendCompRtcpPkt
FINISSIMO: <-> RTCPSenderThread.SendCompRtcpPkt() unicast to /10.0.0.100:8767 class jlibrtp.RtcpPktSR:0, class jlibrtp.RtcpPktRR:1, class jlibrtp.RtcpPktSDES:1, 
26-lug-2008 14.22.19 jlibrtp.RTCPSenderThread run
FINISSIMO: <-> RTCPSenderThread sleeping for 5420 ms
26-lug-2008 14.22.25 jlibrtp.RTCPSenderThread run
FINISSIMO: <-> RTCPSenderThread waking up
26-lug-2008 14.22.25 jlibrtp.RTCPSenderThread sendCompRtcpPkt
FINISSIMO: <-> RTCPSenderThread.SendCompRtcpPkt() unicast to /10.0.0.100:8767 class jlibrtp.RtcpPktSR:0, class jlibrtp.RtcpPktRR:1, class jlibrtp.RtcpPktSDES:1, 
26-lug-2008 14.22.25 jlibrtp.RTCPSenderThread run
FINISSIMO: <-> RTCPSenderThread sleeping for 5433 ms
26-lug-2008 14.22.30 jlibrtp.RTCPSenderThread run
FINISSIMO: <-> RTCPSenderThread waking up
26-lug-2008 14.22.30 jlibrtp.RTCPSenderThread sendCompRtcpPkt
FINISSIMO: <-> RTCPSenderThread.SendCompRtcpPkt() unicast to /10.0.0.100:8767 class jlibrtp.RtcpPktSR:0, class jlibrtp.RtcpPktRR:1, class jlibrtp.RtcpPktSDES:1, 
26-lug-2008 14.22.30 jlibrtp.RTCPSenderThread run
FINISSIMO: <-> RTCPSenderThread sleeping for 5079 ms
26-lug-2008 14.22.35 jlibrtp.RTCPSenderThread run
FINISSIMO: <-> RTCPSenderThread waking up
26-lug-2008 14.22.35 jlibrtp.RTCPSenderThread sendCompRtcpPkt
FINISSIMO: <-> RTCPSenderThread.SendCompRtcpPkt() unicast to /10.0.0.100:8767 class jlibrtp.RtcpPktSR:0, class jlibrtp.RtcpPktRR:1, class jlibrtp.RtcpPktSDES:1, 
26-lug-2008 14.22.35 jlibrtp.RTCPSenderThread run
FINISSIMO: <-> RTCPSenderThread sleeping for 5228 ms
26-lug-2008 14.22.40 jlibrtp.RTCPSenderThread run
FINISSIMO: <-> RTCPSenderThread waking up
26-lug-2008 14.22.40 jlibrtp.RTCPSenderThread sendCompRtcpPkt
FINISSIMO: <-> RTCPSenderThread.SendCompRtcpPkt() unicast to /10.0.0.100:8767 class jlibrtp.RtcpPktSR:0, class jlibrtp.RtcpPktRR:1, class jlibrtp.RtcpPktSDES:1, 
26-lug-2008 14.22.40 jlibrtp.RTCPSenderThread run
FINISSIMO: <-> RTCPSenderThread sleeping for 5340 ms
26-lug-2008 14.22.46 jlibrtp.RTCPSenderThread run
FINISSIMO: <-> RTCPSenderThread waking up
26-lug-2008 14.22.46 jlibrtp.RTCPSenderThread sendCompRtcpPkt
FINISSIMO: <-> RTCPSenderThread.SendCompRtcpPkt() unicast to /10.0.0.100:8767 class jlibrtp.RtcpPktSR:0, class jlibrtp.RtcpPktRR:1, class jlibrtp.RtcpPktSDES:1, 
26-lug-2008 14.22.46 jlibrtp.RTCPSenderThread run
FINISSIMO: <-> RTCPSenderThread sleeping for 5417 ms
26-lug-2008 14.22.51 jlibrtp.RTCPSenderThread run
FINISSIMO: <-> RTCPSenderThread waking up
26-lug-2008 14.22.51 jlibrtp.RTCPSenderThread sendCompRtcpPkt
FINISSIMO: <-> RTCPSenderThread.SendCompRtcpPkt() unicast to /10.0.0.100:8767 class jlibrtp.RtcpPktSR:0, class jlibrtp.RtcpPktRR:1, class jlibrtp.RtcpPktSDES:1, 
26-lug-2008 14.22.51 jlibrtp.RTCPSenderThread run
FINISSIMO: <-> RTCPSenderThread sleeping for 5181 ms
26-lug-2008 14.22.56 jlibrtp.RTCPSenderThread run
FINISSIMO: <-> RTCPSenderThread waking up
26-lug-2008 14.22.56 jlibrtp.RTCPSenderThread sendCompRtcpPkt
FINISSIMO: <-> RTCPSenderThread.SendCompRtcpPkt() unicast to /10.0.0.100:8767 class jlibrtp.RtcpPktSR:0, class jlibrtp.RtcpPktRR:1, class jlibrtp.RtcpPktSDES:1, 
26-lug-2008 14.22.56 jlibrtp.RTCPSenderThread run
FINISSIMO: <-> RTCPSenderThread sleeping for 5914 ms
26-lug-2008 14.23.02 jlibrtp.RTCPSenderThread run
FINISSIMO: <-> RTCPSenderThread waking up
26-lug-2008 14.23.02 jlibrtp.RTCPSenderThread sendCompRtcpPkt
FINISSIMO: <-> RTCPSenderThread.SendCompRtcpPkt() unicast to /10.0.0.100:8767 class jlibrtp.RtcpPktSR:0, class jlibrtp.RtcpPktRR:1, class jlibrtp.RtcpPktSDES:1, 
26-lug-2008 14.23.02 jlibrtp.RTCPSenderThread run
FINISSIMO: <-> RTCPSenderThread sleeping for 5556 ms
26-lug-2008 14.23.08 jlibrtp.RTCPSenderThread run
FINISSIMO: <-> RTCPSenderThread waking up
26-lug-2008 14.23.08 jlibrtp.RTCPSenderThread sendCompRtcpPkt
FINISSIMO: <-> RTCPSenderThread.SendCompRtcpPkt() unicast to /10.0.0.100:8767 class jlibrtp.RtcpPktSR:0, class jlibrtp.RtcpPktRR:1, class jlibrtp.RtcpPktSDES:1, 
26-lug-2008 14.23.08 jlibrtp.RTCPSenderThread run
FINISSIMO: <-> RTCPSenderThread sleeping for 5249 ms
26-lug-2008 14.23.13 jlibrtp.RTCPSenderThread run
FINISSIMO: <-> RTCPSenderThread waking up
26-lug-2008 14.23.13 jlibrtp.RTCPSenderThread sendCompRtcpPkt
FINISSIMO: <-> RTCPSenderThread.SendCompRtcpPkt() unicast to /10.0.0.100:8767 class jlibrtp.RtcpPktSR:0, class jlibrtp.RtcpPktRR:1, class jlibrtp.RtcpPktSDES:1, 
26-lug-2008 14.23.13 jlibrtp.RTCPSenderThread run
FINISSIMO: <-> RTCPSenderThread sleeping for 5082 ms
26-lug-2008 14.23.18 jlibrtp.RTCPSenderThread run
FINISSIMO: <-> RTCPSenderThread waking up
26-lug-2008 14.23.18 jlibrtp.RTCPSenderThread sendCompRtcpPkt
FINISSIMO: <-> RTCPSenderThread.SendCompRtcpPkt() unicast to /10.0.0.100:8767 class jlibrtp.RtcpPktSR:0, class jlibrtp.RtcpPktRR:1, class jlibrtp.RtcpPktSDES:1, 
26-lug-2008 14.23.18 jlibrtp.RTCPSenderThread run
FINISSIMO: <-> RTCPSenderThread sleeping for 5884 ms
26-lug-2008 14.23.24 jlibrtp.RTCPSenderThread run
FINISSIMO: <-> RTCPSenderThread waking up
26-lug-2008 14.23.24 jlibrtp.RTCPSenderThread sendCompRtcpPkt
FINISSIMO: <-> RTCPSenderThread.SendCompRtcpPkt() unicast to /10.0.0.100:8767 class jlibrtp.RtcpPktSR:0, class jlibrtp.RtcpPktRR:1, class jlibrtp.RtcpPktSDES:1, 
26-lug-2008 14.23.24 jlibrtp.RTCPSenderThread run
FINISSIMO: <-> RTCPSenderThread sleeping for 5958 ms
26-lug-2008 14.23.30 jlibrtp.RTCPSenderThread run
FINISSIMO: <-> RTCPSenderThread waking up
26-lug-2008 14.23.30 jlibrtp.RTCPSenderThread sendCompRtcpPkt
FINISSIMO: <-> RTCPSenderThread.SendCompRtcpPkt() unicast to /10.0.0.100:8767 class jlibrtp.RtcpPktSR:0, class jlibrtp.RtcpPktRR:1, class jlibrtp.RtcpPktSDES:1, 
26-lug-2008 14.23.30 jlibrtp.RTCPSenderThread run
FINISSIMO: <-> RTCPSenderThread sleeping for 5623 ms
26-lug-2008 14.23.36 jlibrtp.RTCPSenderThread run
FINISSIMO: <-> RTCPSenderThread waking up
26-lug-2008 14.23.36 jlibrtp.RTCPSenderThread sendCompRtcpPkt
FINISSIMO: <-> RTCPSenderThread.SendCompRtcpPkt() unicast to /10.0.0.100:8767 class jlibrtp.RtcpPktSR:0, class jlibrtp.RtcpPktRR:1, class jlibrtp.RtcpPktSDES:1, 
26-lug-2008 14.23.36 jlibrtp.RTCPSenderThread run
FINISSIMO: <-> RTCPSenderThread sleeping for 5947 ms
26-lug-2008 14.24.41 jlibrtp.RTCPSenderThread <init>
FINISSIMO: <-> RTCPSenderThread created
26-lug-2008 14.24.41 jlibrtp.RTCPSenderThread run
FINISSIMO: <-> RTCPSenderThread running
26-lug-2008 14.24.41 jlibrtp.RTCPSenderThread run
FINISSIMO: <-> RTCPSenderThread sleeping for 2574 ms
26-lug-2008 14.24.44 jlibrtp.RTCPSenderThread run
FINISSIMO: <-> RTCPSenderThread waking up
26-lug-2008 14.24.44 jlibrtp.RTCPSenderThread sendCompRtcpPkt
FINISSIMO: <-> RTCPSenderThread.SendCompRtcpPkt() unicast to /10.0.0.100:8767 class jlibrtp.RtcpPktSR:0, class jlibrtp.RtcpPktRR:1, class jlibrtp.RtcpPktSDES:1, 
26-lug-2008 14.24.44 jlibrtp.RTCPSenderThread run
FINISSIMO: <-> RTCPSenderThread sleeping for 5920 ms
26-lug-2008 14.24.50 jlibrtp.RTCPSenderThread run
FINISSIMO: <-> RTCPSenderThread waking up
26-lug-2008 14.24.50 jlibrtp.RTCPSenderThread sendCompRtcpPkt
FINISSIMO: <-> RTCPSenderThread.SendCompRtcpPkt() unicast to /10.0.0.100:8767 class jlibrtp.RtcpPktSR:0, class jlibrtp.RtcpPktRR:1, class jlibrtp.RtcpPktSDES:1, 
26-lug-2008 14.24.50 jlibrtp.RTCPSenderThread run
FINISSIMO: <-> RTCPSenderThread sleeping for 5200 ms
26-lug-2008 14.24.55 jlibrtp.RTCPSenderThread run
FINISSIMO: <-> RTCPSenderThread waking up
26-lug-2008 14.24.55 jlibrtp.RTCPSenderThread sendCompRtcpPkt
FINISSIMO: <-> RTCPSenderThread.SendCompRtcpPkt() unicast to /10.0.0.100:8767 class jlibrtp.RtcpPktSR:0, class jlibrtp.RtcpPktRR:1, class jlibrtp.RtcpPktSDES:1, 
26-lug-2008 14.24.55 jlibrtp.RTCPSenderThread run
FINISSIMO: <-> RTCPSenderThread sleeping for 5849 ms
26-lug-2008 14.25.01 jlibrtp.RTCPSenderThread run
FINISSIMO: <-> RTCPSenderThread waking up
26-lug-2008 14.25.01 jlibrtp.RTCPSenderThread sendCompRtcpPkt
FINISSIMO: <-> RTCPSenderThread.SendCompRtcpPkt() unicast to /10.0.0.100:8767 class jlibrtp.RtcpPktSR:0, class jlibrtp.RtcpPktRR:1, class jlibrtp.RtcpPktSDES:1, 
26-lug-2008 14.25.01 jlibrtp.RTCPSenderThread run
FINISSIMO: <-> RTCPSenderThread sleeping for 5360 ms
26-lug-2008 14.25.06 jlibrtp.RTCPSenderThread run
FINISSIMO: <-> RTCPSenderThread waking up
26-lug-2008 14.25.06 jlibrtp.RTCPSenderThread sendCompRtcpPkt
FINISSIMO: <-> RTCPSenderThread.SendCompRtcpPkt() unicast to /10.0.0.100:8767 class jlibrtp.RtcpPktSR:0, class jlibrtp.RtcpPktRR:1, class jlibrtp.RtcpPktSDES:1, 
26-lug-2008 14.25.06 jlibrtp.RTCPSenderThread run
FINISSIMO: <-> RTCPSenderThread sleeping for 5255 ms
26-lug-2008 14.25.11 jlibrtp.RTCPSenderThread run
FINISSIMO: <-> RTCPSenderThread waking up
26-lug-2008 14.25.11 jlibrtp.RTCPSenderThread sendCompRtcpPkt
FINISSIMO: <-> RTCPSenderThread.SendCompRtcpPkt() unicast to /10.0.0.100:8767 class jlibrtp.RtcpPktSR:0, class jlibrtp.RtcpPktRR:1, class jlibrtp.RtcpPktSDES:1, 
26-lug-2008 14.25.11 jlibrtp.RTCPSenderThread run
FINISSIMO: <-> RTCPSenderThread sleeping for 5541 ms
26-lug-2008 14.25.17 jlibrtp.RTCPSenderThread run
FINISSIMO: <-> RTCPSenderThread waking up
26-lug-2008 14.25.17 jlibrtp.RTCPSenderThread sendCompRtcpPkt
FINISSIMO: <-> RTCPSenderThread.SendCompRtcpPkt() unicast to /10.0.0.100:8767 class jlibrtp.RtcpPktSR:0, class jlibrtp.RtcpPktRR:1, class jlibrtp.RtcpPktSDES:1, 
26-lug-2008 14.25.17 jlibrtp.RTCPSenderThread run
FINISSIMO: <-> RTCPSenderThread sleeping for 5510 ms
26-lug-2008 14.25.22 jlibrtp.RTCPSenderThread run
FINISSIMO: <-> RTCPSenderThread waking up
26-lug-2008 14.25.22 jlibrtp.RTCPSenderThread sendCompRtcpPkt
FINISSIMO: <-> RTCPSenderThread.SendCompRtcpPkt() unicast to /10.0.0.100:8767 class jlibrtp.RtcpPktSR:0, class jlibrtp.RtcpPktRR:1, class jlibrtp.RtcpPktSDES:1, 
26-lug-2008 14.25.22 jlibrtp.RTCPSenderThread run
FINISSIMO: <-> RTCPSenderThread sleeping for 5580 ms
26-lug-2008 14.25.28 jlibrtp.RTCPSenderThread run
FINISSIMO: <-> RTCPSenderThread waking up
26-lug-2008 14.25.28 jlibrtp.RTCPSenderThread sendCompRtcpPkt
FINISSIMO: <-> RTCPSenderThread.SendCompRtcpPkt() unicast to /10.0.0.100:8767 class jlibrtp.RtcpPktSR:0, class jlibrtp.RtcpPktRR:1, class jlibrtp.RtcpPktSDES:1, 
26-lug-2008 14.25.28 jlibrtp.RTCPSenderThread run
FINISSIMO: <-> RTCPSenderThread sleeping for 5689 ms
26-lug-2008 14.26.14 jlibrtp.RTCPSenderThread <init>
FINISSIMO: <-> RTCPSenderThread created
26-lug-2008 14.26.14 jlibrtp.RTCPSenderThread run
FINISSIMO: <-> RTCPSenderThread running
26-lug-2008 14.26.14 jlibrtp.RTCPSenderThread run
FINISSIMO: <-> RTCPSenderThread sleeping for 3064 ms
26-lug-2008 14.26.17 jlibrtp.RTCPSenderThread run
FINISSIMO: <-> RTCPSenderThread waking up
26-lug-2008 14.26.17 jlibrtp.RTCPSenderThread sendCompRtcpPkt
FINISSIMO: <-> RTCPSenderThread.SendCompRtcpPkt() unicast to /192.168.0.22:8767 class jlibrtp.RtcpPktSR:0, class jlibrtp.RtcpPktRR:0, class jlibrtp.RtcpPktSDES:1, 
26-lug-2008 14.26.17 jlibrtp.RTCPSenderThread run
FINISSIMO: <-> RTCPSenderThread sleeping for 5109 ms
26-lug-2008 14.26.22 jlibrtp.RTCPSenderThread run
FINISSIMO: <-> RTCPSenderThread waking up
26-lug-2008 14.26.22 jlibrtp.RTCPSenderThread sendCompRtcpPkt
FINISSIMO: <-> RTCPSenderThread.SendCompRtcpPkt() unicast to /192.168.0.22:8767 class jlibrtp.RtcpPktSR:0, class jlibrtp.RtcpPktRR:0, class jlibrtp.RtcpPktSDES:1, 
26-lug-2008 14.26.22 jlibrtp.RTCPSenderThread run
FINISSIMO: <-> RTCPSenderThread sleeping for 5750 ms
26-lug-2008 14.26.25 jlibrtp.RTCPSenderThread run
FINISSIMO: RTCPSenderThread Exception message:sleep interrupted
java.lang.InterruptedException: sleep interrupted
	at java.lang.Thread.sleep(Native Method)
	at jlibrtp.RTCPSenderThread.run(RTCPSenderThread.java:387)
26-lug-2008 14.26.25 jlibrtp.RTCPSenderThread sendCompRtcpPkt
FINISSIMO: <-> RTCPSenderThread.SendCompRtcpPkt() unicast to /192.168.0.22:8767 class jlibrtp.RtcpPktSR:0, class jlibrtp.RtcpPktBYE:1, 
26-lug-2008 14.26.25 jlibrtp.RTCPSenderThread run
FINISSIMO: <-> RTCPSenderThread terminating
26-lug-2008 14.26.31 jlibrtp.RTCPSenderThread <init>
FINISSIMO: <-> RTCPSenderThread created
26-lug-2008 14.26.31 jlibrtp.RTCPSenderThread run
FINISSIMO: <-> RTCPSenderThread running
26-lug-2008 14.26.31 jlibrtp.RTCPSenderThread run
FINISSIMO: <-> RTCPSenderThread sleeping for 2553 ms
26-lug-2008 14.26.34 jlibrtp.RTCPSenderThread run
FINISSIMO: <-> RTCPSenderThread waking up
26-lug-2008 14.26.34 jlibrtp.RTCPSenderThread sendCompRtcpPkt
FINISSIMO: <-> RTCPSenderThread.SendCompRtcpPkt() unicast to /10.0.0.100:8767 class jlibrtp.RtcpPktSR:0, class jlibrtp.RtcpPktRR:1, class jlibrtp.RtcpPktSDES:1, 
26-lug-2008 14.26.34 jlibrtp.RTCPSenderThread run
FINISSIMO: <-> RTCPSenderThread sleeping for 5288 ms
26-lug-2008 14.26.39 jlibrtp.RTCPSenderThread run
FINISSIMO: <-> RTCPSenderThread waking up
26-lug-2008 14.26.39 jlibrtp.RTCPSenderThread sendCompRtcpPkt
FINISSIMO: <-> RTCPSenderThread.SendCompRtcpPkt() unicast to /10.0.0.100:8767 class jlibrtp.RtcpPktSR:0, class jlibrtp.RtcpPktRR:1, class jlibrtp.RtcpPktSDES:1, 
26-lug-2008 14.26.39 jlibrtp.RTCPSenderThread run
FINISSIMO: <-> RTCPSenderThread sleeping for 5825 ms
26-lug-2008 14.26.45 jlibrtp.RTCPSenderThread run
FINISSIMO: <-> RTCPSenderThread waking up
26-lug-2008 14.26.45 jlibrtp.RTCPSenderThread sendCompRtcpPkt
FINISSIMO: <-> RTCPSenderThread.SendCompRtcpPkt() unicast to /10.0.0.100:8767 class jlibrtp.RtcpPktSR:0, class jlibrtp.RtcpPktRR:1, class jlibrtp.RtcpPktSDES:1, 
26-lug-2008 14.26.45 jlibrtp.RTCPSenderThread run
FINISSIMO: <-> RTCPSenderThread sleeping for 5826 ms
26-lug-2008 14.26.51 jlibrtp.RTCPSenderThread run
FINISSIMO: <-> RTCPSenderThread waking up
26-lug-2008 14.26.51 jlibrtp.RTCPSenderThread sendCompRtcpPkt
FINISSIMO: <-> RTCPSenderThread.SendCompRtcpPkt() unicast to /10.0.0.100:8767 class jlibrtp.RtcpPktSR:0, class jlibrtp.RtcpPktRR:1, class jlibrtp.RtcpPktSDES:1, 
26-lug-2008 14.26.51 jlibrtp.RTCPSenderThread run
FINISSIMO: <-> RTCPSenderThread sleeping for 5882 ms
